2021-12-15 10:42:20,446 G:\pycharm\script\UI_automated_testing\tools\logUtil.py DEBUG [test_overview_digital_001--01 首页-数字概览--验证 总已参训人数/总计划人数相关字段、总达标人数/总参训人数  是否计算正确]
2021-12-15 10:42:43,732 G:\pycharm\script\UI_automated_testing\tools\logUtil.py DEBUG [test_charts_002--01 首页-数字概览--验证 参训/达标走势图  是否正确返回]
2021-12-15 10:43:24,831 G:\pycharm\script\UI_automated_testing\tools\logUtil.py DEBUG [test_kinds_standards_003--01 首页-数字概览--验证 各类达标情况  是否正确返回]
2021-12-15 10:43:44,860 G:\pycharm\script\UI_automated_testing\tools\logUtil.py DEBUG [test_student_details_003--02 首页-学员详情--验证 查询功能]
2021-12-15 10:44:25,950 G:\pycharm\script\UI_automated_testing\tools\logUtil.py DEBUG [test_company_data_003--03 首页-公司数据--验证 公司数据]
2021-12-15 10:45:10,408 G:\pycharm\script\UI_automated_testing\tools\logUtil.py DEBUG [test_tabulate_data_003--03 首页-公司数据--验证 汇总数据]
2021-12-15 10:45:25,802 G:\pycharm\script\UI_automated_testing\tools\logUtil.py DEBUG [test_tabulate_data_003--04 培训计划报送--验证 查询操作]
2021-12-15 10:48:20,000 G:\pycharm\script\UI_automated_testing\tools\logUtil.py DEBUG [test_inquire_003-- 05 培训学分查询--验证 查询操作]
2021-12-15 10:50:57,498 G:\pycharm\script\UI_automated_testing\tools\logUtil.py DEBUG [test_operation_005-- 05 培训学分查询--验证 操作]
2021-12-15 10:53:54,508 G:\pycharm\script\UI_automated_testing\tools\logUtil.py DEBUG [test_operation_005-- 05 培训学分查询--验证 操作]
2021-12-15 10:58:16,077 G:\pycharm\script\UI_automated_testing\tools\logUtil.py DEBUG [test_operation_005-- 05 培训学分查询--验证 操作]
2021-12-15 11:01:26,858 G:\pycharm\script\UI_automated_testing\tools\logUtil.py DEBUG [test_operation_005-- 05 培训学分查询--验证 操作]
2021-12-15 11:12:47,792 G:\pycharm\script\UI_automated_testing\tools\logUtil.py DEBUG [test_inquire_003-- 05 培训学分查询--验证 查询操作]
2021-12-15 11:15:07,410 G:\pycharm\script\UI_automated_testing\tools\logUtil.py DEBUG [test_inquire_003-- 05 培训学分查询--验证 查询操作]
2021-12-15 11:16:30,460 G:\pycharm\script\UI_automated_testing\tools\logUtil.py DEBUG [test_inquire_003-- 05 培训学分查询--验证 查询操作]
2021-12-15 11:18:20,835 G:\pycharm\script\UI_automated_testing\tools\logUtil.py DEBUG [test_inquire_003-- 05 培训学分查询--验证 查询操作]
2021-12-15 11:22:27,090 G:\pycharm\script\UI_automated_testing\tools\logUtil.py DEBUG [test_inquire_003-- 05 培训学分查询--验证 查询操作]
2021-12-15 11:46:05,166 G:\pycharm\script\UI_automated_testing\tools\logUtil.py DEBUG [test_operation_005-- 05 培训学分查询--验证 操作]
2021-12-15 11:47:38,386 G:\pycharm\script\UI_automated_testing\tools\logUtil.py DEBUG [test_operation_005-- 05 培训学分查询--验证 操作]
2021-12-15 11:49:54,715 G:\pycharm\script\UI_automated_testing\tools\logUtil.py DEBUG [test_operation_005-- 05 培训学分查询--验证 操作]
2021-12-15 13:27:53,691 G:\pycharm\script\UI_automated_testing\tools\logUtil.py DEBUG [test_operation_005-- 05 培训学分查询--验证 操作]
2021-12-15 15:06:14,099 G:\pycharm\script\UI_automated_testing\tools\logUtil.py DEBUG [test_record_statistical_query_inquire_005-- 05 培训记录统计--验证 操作]
2021-12-15 15:06:26,111 G:\pycharm\script\UI_automated_testing\tools\logUtil.py DEBUG [test_account_management_inquire_005-- 06 账号管理--账号管理-验证查询并核对]
2021-12-15 15:06:58,278 G:\pycharm\script\UI_automated_testing\tools\logUtil.py DEBUG [account_management_button_click_005-- 06 账号管理--账号管理-点击]
2021-12-15 15:07:20,054 G:\pycharm\script\UI_automated_testing\tools\logUtil.py DEBUG [test_account_management_add-- 06 账号管理--添加账号]
2021-12-15 15:07:49,798 G:\pycharm\script\UI_automated_testing\tools\logUtil.py DEBUG [test_account_management_add-- 06 账号管理--删除账号]
2021-12-15 15:10:12,150 G:\pycharm\script\UI_automated_testing\tools\logUtil.py DEBUG [test_account_management_inquire_005-- 06 账号管理--账号管理-验证查询并核对]
2021-12-15 15:15:21,323 G:\pycharm\script\UI_automated_testing\tools\logUtil.py DEBUG [test_account_management_inquire_005-- 06 账号管理--账号管理-验证查询并核对]
2021-12-15 15:20:03,438 G:\pycharm\script\UI_automated_testing\tools\logUtil.py DEBUG [test_account_management_inquire_005-- 06 账号管理--账号管理-验证查询并核对]
2021-12-15 15:22:03,211 G:\pycharm\script\UI_automated_testing\tools\logUtil.py DEBUG [test_account_management_inquire_005-- 06 账号管理--账号管理-验证查询并核对]
2021-12-15 15:28:52,918 G:\pycharm\script\UI_automated_testing\tools\logUtil.py DEBUG [test_overview_digital_001--01 首页-数字概览--验证 总已参训人数/总计划人数相关字段、总达标人数/总参训人数  是否计算正确]
2021-12-15 15:31:47,994 G:\pycharm\script\UI_automated_testing\tools\logUtil.py DEBUG [test_overview_digital_001--01 首页-数字概览--验证 总已参训人数/总计划人数相关字段、总达标人数/总参训人数  是否计算正确]
2021-12-15 15:34:49,546 G:\pycharm\script\UI_automated_testing\tools\logUtil.py DEBUG [test_overview_digital_001--01 首页-数字概览--验证 总已参训人数/总计划人数相关字段、总达标人数/总参训人数  是否计算正确]
2021-12-15 15:38:08,884 G:\pycharm\script\UI_automated_testing\tools\logUtil.py DEBUG [test_overview_digital_001--01 首页-数字概览--验证 总已参训人数/总计划人数相关字段、总达标人数/总参训人数  是否计算正确]
2021-12-15 15:39:31,335 G:\pycharm\script\UI_automated_testing\tools\logUtil.py DEBUG [test_overview_digital_001--01 首页-数字概览--验证 总已参训人数/总计划人数相关字段、总达标人数/总参训人数  是否计算正确]
2021-12-15 15:39:49,502 G:\pycharm\script\UI_automated_testing\tools\logUtil.py DEBUG [test_charts_002--01 首页-数字概览--验证 参训/达标走势图  是否正确返回]
2021-12-15 16:38:40,556 G:\pycharm\script\UI_guangdong\tools\logUtil.py DEBUG [test_overview_digital_001--01 首页-数字概览--验证 总已参训人数/总计划人数相关字段、总达标人数/总参训人数  是否计算正确]
2021-12-15 16:38:57,587 G:\pycharm\script\UI_guangdong\tools\logUtil.py DEBUG [test_charts_002--01 首页-数字概览--验证 参训/达标走势图  是否正确返回]
2021-12-15 16:43:04,696 G:\pycharm\script\UI_guangdong\tools\logUtil.py DEBUG [test_overview_digital_001--01 首页-数字概览--验证 总已参训人数/总计划人数相关字段、总达标人数/总参训人数  是否计算正确]
2021-12-15 16:43:21,549 G:\pycharm\script\UI_guangdong\tools\logUtil.py DEBUG [test_charts_002--01 首页-数字概览--验证 参训/达标走势图  是否正确返回]
2021-12-15 16:43:42,222 G:\pycharm\script\UI_guangdong\tools\logUtil.py DEBUG [test_kinds_standards_003--01 首页-数字概览--验证 各类达标情况  是否正确返回]
2021-12-15 16:46:10,516 G:\pycharm\script\UI_guangdong\tools\logUtil.py DEBUG [test_overview_digital_001--01 首页-数字概览--验证 总已参训人数/总计划人数相关字段、总达标人数/总参训人数  是否计算正确]
2021-12-15 16:46:27,380 G:\pycharm\script\UI_guangdong\tools\logUtil.py DEBUG [test_charts_002--01 首页-数字概览--验证 参训/达标走势图  是否正确返回]
2021-12-15 16:46:47,850 G:\pycharm\script\UI_guangdong\tools\logUtil.py DEBUG [test_kinds_standards_003--01 首页-数字概览--验证 各类达标情况  是否正确返回]
2021-12-15 16:47:02,598 G:\pycharm\script\UI_guangdong\tools\logUtil.py DEBUG [test_student_details_003--02 首页-学员详情--验证 查询功能]
2021-12-15 16:49:21,560 G:\pycharm\script\UI_guangdong\tools\logUtil.py DEBUG [test_student_details_003--02 首页-学员详情--验证 查询功能]
2021-12-15 16:51:41,395 G:\pycharm\script\UI_guangdong\tools\logUtil.py DEBUG [test_student_details_003--02 首页-学员详情--验证 查询功能]
2021-12-15 16:53:14,232 G:\pycharm\script\UI_guangdong\tools\logUtil.py DEBUG [test_student_details_003--02 首页-学员详情--验证 查询功能]
2021-12-15 17:00:21,993 G:\pycharm\script\UI_guangdong\tools\logUtil.py DEBUG [test_student_details_003--02 首页-学员详情--验证 查询功能]
2021-12-15 17:02:40,254 G:\pycharm\script\UI_guangdong\tools\logUtil.py DEBUG [test_student_details_003--02 首页-学员详情--验证 查询功能]
2021-12-15 17:05:12,053 G:\pycharm\script\UI_guangdong\tools\logUtil.py DEBUG [test_company_data_003--03 首页-公司数据--验证 公司数据]
2021-12-15 17:10:29,007 G:\pycharm\script\UI_guangdong\tools\logUtil.py DEBUG [test_overview_digital_001--01 首页-数字概览--验证 总已参训人数/总计划人数相关字段、总达标人数/总参训人数  是否计算正确]
2021-12-15 17:10:45,893 G:\pycharm\script\UI_guangdong\tools\logUtil.py DEBUG [test_charts_002--01 首页-数字概览--验证 参训/达标走势图  是否正确返回]
2021-12-15 17:11:06,114 G:\pycharm\script\UI_guangdong\tools\logUtil.py DEBUG [test_kinds_standards_003--01 首页-数字概览--验证 各类达标情况  是否正确返回]
2021-12-15 17:12:09,721 G:\pycharm\script\UI_guangdong\tools\logUtil.py DEBUG [test_student_details_003--02 首页-学员详情--验证 查询功能]
2021-12-15 17:13:05,949 G:\pycharm\script\UI_guangdong\tools\logUtil.py DEBUG [test_company_data_003--03 首页-公司数据--验证 公司数据]
2021-12-15 17:19:31,325 G:\pycharm\script\UI_guangdong\tools\logUtil.py DEBUG [test_overview_digital_001--01 首页-数字概览--验证 总已参训人数/总计划人数相关字段、总达标人数/总参训人数  是否计算正确]
2021-12-15 17:19:46,874 G:\pycharm\script\UI_guangdong\tools\logUtil.py DEBUG [test_charts_002--01 首页-数字概览--验证 参训/达标走势图  是否正确返回]
2021-12-15 17:20:05,950 G:\pycharm\script\UI_guangdong\tools\logUtil.py DEBUG [test_kinds_standards_003--01 首页-数字概览--验证 各类达标情况  是否正确返回]
2021-12-15 17:20:16,444 G:\pycharm\script\UI_guangdong\tools\logUtil.py DEBUG [test_student_details_003--02 首页-学员详情--验证 查询功能]
2021-12-15 17:21:11,716 G:\pycharm\script\UI_guangdong\tools\logUtil.py DEBUG [test_company_data_003--03 首页-公司数据--验证 公司数据]
2021-12-15 17:23:45,054 G:\pycharm\script\UI_guangdong\tools\logUtil.py DEBUG [test_overview_digital_001--01 首页-数字概览--验证 总已参训人数/总计划人数相关字段、总达标人数/总参训人数  是否计算正确]
2021-12-15 17:23:57,626 G:\pycharm\script\UI_guangdong\tools\logUtil.py DEBUG [test_charts_002--01 首页-数字概览--验证 参训/达标走势图  是否正确返回]
2021-12-15 17:24:13,655 G:\pycharm\script\UI_guangdong\tools\logUtil.py DEBUG [test_kinds_standards_003--01 首页-数字概览--验证 各类达标情况  是否正确返回]
2021-12-15 17:24:21,109 G:\pycharm\script\UI_guangdong\tools\logUtil.py DEBUG [test_student_details_003--02 首页-学员详情--验证 查询功能]
2021-12-15 17:25:13,132 G:\pycharm\script\UI_guangdong\tools\logUtil.py DEBUG [test_company_data_003--03 首页-公司数据--验证 公司数据]
2021-12-15 17:26:58,167 G:\pycharm\script\UI_guangdong\tools\logUtil.py DEBUG [test_overview_digital_001--01 首页-数字概览--验证 总已参训人数/总计划人数相关字段、总达标人数/总参训人数  是否计算正确]
2021-12-15 17:27:08,921 G:\pycharm\script\UI_guangdong\tools\logUtil.py DEBUG [test_charts_002--01 首页-数字概览--验证 参训/达标走势图  是否正确返回]
2021-12-15 17:27:23,691 G:\pycharm\script\UI_guangdong\tools\logUtil.py DEBUG [test_kinds_standards_003--01 首页-数字概览--验证 各类达标情况  是否正确返回]
2021-12-15 17:27:29,757 G:\pycharm\script\UI_guangdong\tools\logUtil.py DEBUG [test_student_details_003--02 首页-学员详情--验证 查询功能]
2021-12-15 17:28:20,752 G:\pycharm\script\UI_guangdong\tools\logUtil.py DEBUG [test_company_data_003--03 首页-公司数据--验证 公司数据]
2021-12-15 17:32:01,157 G:\pycharm\script\UI_guangdong\tools\logUtil.py DEBUG [test_overview_digital_001--01 首页-数字概览--验证 总已参训人数/总计划人数相关字段、总达标人数/总参训人数  是否计算正确]
2021-12-15 17:32:11,739 G:\pycharm\script\UI_guangdong\tools\logUtil.py DEBUG [test_charts_002--01 首页-数字概览--验证 参训/达标走势图  是否正确返回]
2021-12-15 17:32:26,477 G:\pycharm\script\UI_guangdong\tools\logUtil.py DEBUG [test_kinds_standards_003--01 首页-数字概览--验证 各类达标情况  是否正确返回]
2021-12-15 17:32:32,634 G:\pycharm\script\UI_guangdong\tools\logUtil.py DEBUG [test_student_details_003--02 首页-学员详情--验证 查询功能]
2021-12-15 17:33:23,731 G:\pycharm\script\UI_guangdong\tools\logUtil.py DEBUG [test_company_data_003--03 首页-公司数据--验证 公司数据]
2021-12-15 17:41:40,407 G:\pycharm\script\UI_guangdong\tools\logUtil.py DEBUG [test_tabulate_data_003--04 培训计划报送--验证 查询操作]
2021-12-15 17:45:13,080 G:\pycharm\script\UI_guangdong\tools\logUtil.py DEBUG [test_tabulate_data_003--04 培训计划报送--验证 查询操作]
2021-12-15 17:47:55,058 G:\pycharm\script\UI_guangdong\tools\logUtil.py DEBUG [test_tabulate_data_003--04 培训计划报送--验证 查询操作]
2021-12-15 17:50:51,644 G:\pycharm\script\UI_guangdong\tools\logUtil.py DEBUG [test_tabulate_data_003--04 培训计划报送--验证 查询操作]
2021-12-15 17:51:57,776 G:\pycharm\script\UI_guangdong\tools\logUtil.py DEBUG [test_tabulate_data_003--04 培训计划报送--验证 查询操作]
2021-12-15 17:55:16,225 G:\pycharm\script\UI_guangdong\tools\logUtil.py DEBUG [test_query_inquire_005-- 05 培训记录查询--验证 操作]
2021-12-15 17:56:31,294 G:\pycharm\script\UI_guangdong\tools\logUtil.py DEBUG [test_query_inquire_005-- 05 培训记录查询--验证 操作]
2021-12-15 17:59:41,325 G:\pycharm\script\UI_guangdong\tools\logUtil.py DEBUG [test_inquire_003-- 05 培训学分查询--验证 查询操作]
2021-12-15 18:03:09,487 G:\pycharm\script\UI_guangdong\tools\logUtil.py DEBUG [test_inquire_003-- 05 培训学分查询--验证 查询操作]
2021-12-15 18:05:53,858 G:\pycharm\script\UI_guangdong\tools\logUtil.py DEBUG [test_operation_005-- 05 培训学分查询--验证 操作]
2021-12-15 18:10:37,972 G:\pycharm\script\UI_guangdong\tools\logUtil.py DEBUG [test_record_statistical_query_inquire_005-- 05 培训记录统计--验证 操作]
2021-12-15 18:13:46,800 G:\pycharm\script\UI_guangdong\tools\logUtil.py DEBUG [test_record_statistical_query_inquire_005-- 05 培训记录统计--验证 操作]
2021-12-15 18:15:20,129 G:\pycharm\script\UI_guangdong\tools\logUtil.py DEBUG [test_record_statistical_query_inquire_005-- 05 培训记录统计--验证 操作]
2021-12-15 18:16:30,921 G:\pycharm\script\UI_guangdong\tools\logUtil.py DEBUG [test_record_statistical_query_inquire_005-- 05 培训记录统计--验证 操作]
2021-12-15 18:19:37,639 G:\pycharm\script\UI_guangdong\tools\logUtil.py DEBUG [test_record_statistical_query_inquire_005-- 05 培训记录统计--验证 操作]
2021-12-15 18:21:10,270 G:\pycharm\script\UI_guangdong\tools\logUtil.py DEBUG [test_overview_digital_001--01 首页-数字概览--验证 总已参训人数/总计划人数相关字段、总达标人数/总参训人数  是否计算正确]
2021-12-15 18:21:20,951 G:\pycharm\script\UI_guangdong\tools\logUtil.py DEBUG [test_charts_002--01 首页-数字概览--验证 参训/达标走势图  是否正确返回]
2021-12-15 18:21:36,038 G:\pycharm\script\UI_guangdong\tools\logUtil.py DEBUG [test_kinds_standards_003--01 首页-数字概览--验证 各类达标情况  是否正确返回]
2021-12-15 18:21:42,337 G:\pycharm\script\UI_guangdong\tools\logUtil.py DEBUG [test_student_details_003--02 首页-学员详情--验证 查询功能]
2021-12-15 18:22:33,547 G:\pycharm\script\UI_guangdong\tools\logUtil.py DEBUG [test_company_data_003--03 首页-公司数据--验证 公司数据]
2021-12-15 18:22:47,700 G:\pycharm\script\UI_guangdong\tools\logUtil.py DEBUG [test_tabulate_data_003--03 首页-公司数据--验证 汇总数据]
2021-12-15 18:22:59,591 G:\pycharm\script\UI_guangdong\tools\logUtil.py DEBUG [test_tabulate_data_003--04 培训计划报送--验证 查询操作]
2021-12-15 18:23:07,098 G:\pycharm\script\UI_guangdong\tools\logUtil.py DEBUG [test_query_inquire_005-- 05 培训记录查询--验证 操作]
2021-12-15 18:23:46,916 G:\pycharm\script\UI_guangdong\tools\logUtil.py DEBUG [test_inquire_003-- 05 培训学分查询--验证 查询操作]
2021-12-15 18:24:04,570 G:\pycharm\script\UI_guangdong\tools\logUtil.py DEBUG [test_operation_005-- 05 培训学分查询--验证 操作]
2021-12-15 18:24:50,866 G:\pycharm\script\UI_guangdong\tools\logUtil.py DEBUG [test_record_statistical_query_inquire_005-- 05 培训记录统计--验证 操作]
2021-12-15 18:25:12,741 G:\pycharm\script\UI_guangdong\tools\logUtil.py DEBUG [test_record_statistical_query_inquire_005-- 05 培训记录统计--验证 操作]
2021-12-15 18:25:34,051 G:\pycharm\script\UI_guangdong\tools\logUtil.py DEBUG [test_account_management_inquire_005-- 06 账号管理--账号管理-验证查询并核对]
2021-12-15 18:25:58,288 G:\pycharm\script\UI_guangdong\tools\logUtil.py DEBUG [account_management_button_click_005-- 06 账号管理--账号管理-点击]
2021-12-15 18:26:08,103 G:\pycharm\script\UI_guangdong\tools\logUtil.py DEBUG [test_account_management_add-- 06 账号管理--添加账号]
2021-12-15 18:27:27,271 G:\pycharm\script\UI_guangdong\tools\logUtil.py DEBUG [test_overview_digital_001--01 首页-数字概览--验证 总已参训人数/总计划人数相关字段、总达标人数/总参训人数  是否计算正确]
2021-12-15 18:27:37,929 G:\pycharm\script\UI_guangdong\tools\logUtil.py DEBUG [test_charts_002--01 首页-数字概览--验证 参训/达标走势图  是否正确返回]
2021-12-15 18:27:52,935 G:\pycharm\script\UI_guangdong\tools\logUtil.py DEBUG [test_kinds_standards_003--01 首页-数字概览--验证 各类达标情况  是否正确返回]
2021-12-15 18:27:59,378 G:\pycharm\script\UI_guangdong\tools\logUtil.py DEBUG [test_student_details_003--02 首页-学员详情--验证 查询功能]
2021-12-15 18:28:50,515 G:\pycharm\script\UI_guangdong\tools\logUtil.py DEBUG [test_company_data_003--03 首页-公司数据--验证 公司数据]
2021-12-15 18:29:04,697 G:\pycharm\script\UI_guangdong\tools\logUtil.py DEBUG [test_tabulate_data_003--03 首页-公司数据--验证 汇总数据]
2021-12-15 18:29:16,608 G:\pycharm\script\UI_guangdong\tools\logUtil.py DEBUG [test_tabulate_data_003--04 培训计划报送--验证 查询操作]
2021-12-15 18:29:24,127 G:\pycharm\script\UI_guangdong\tools\logUtil.py DEBUG [test_query_inquire_005-- 05 培训记录查询--验证 操作]
2021-12-15 18:30:03,685 G:\pycharm\script\UI_guangdong\tools\logUtil.py DEBUG [test_inquire_003-- 05 培训学分查询--验证 查询操作]
2021-12-15 18:30:48,945 G:\pycharm\script\UI_guangdong\tools\logUtil.py DEBUG [test_operation_005-- 05 培训学分查询--验证 操作]
2021-12-15 18:31:35,205 G:\pycharm\script\UI_guangdong\tools\logUtil.py DEBUG [test_record_statistical_query_inquire_005-- 05 培训记录统计--验证 操作]
2021-12-15 18:31:56,944 G:\pycharm\script\UI_guangdong\tools\logUtil.py DEBUG [test_record_statistical_query_inquire_005-- 05 培训记录统计--验证 操作]
2021-12-15 18:32:18,328 G:\pycharm\script\UI_guangdong\tools\logUtil.py DEBUG [test_account_management_inquire_005-- 06 账号管理--账号管理-验证查询并核对]
2021-12-15 18:32:42,568 G:\pycharm\script\UI_guangdong\tools\logUtil.py DEBUG [account_management_button_click_005-- 06 账号管理--账号管理-点击]
2021-12-15 18:32:52,261 G:\pycharm\script\UI_guangdong\tools\logUtil.py DEBUG [test_account_management_add-- 06 账号管理--添加账号]
2021-12-15 18:33:20,424 G:\pycharm\script\UI_guangdong\tools\logUtil.py DEBUG [test_account_management_add-- 06 账号管理--删除账号]
2021-12-15 18:36:26,470 G:\pycharm\script\UI_guangdong\tools\logUtil.py DEBUG [test_overview_digital_001--01 首页-数字概览--验证 总已参训人数/总计划人数相关字段、总达标人数/总参训人数  是否计算正确]
2021-12-15 18:36:37,089 G:\pycharm\script\UI_guangdong\tools\logUtil.py DEBUG [test_charts_002--01 首页-数字概览--验证 参训/达标走势图  是否正确返回]
2021-12-15 18:36:51,881 G:\pycharm\script\UI_guangdong\tools\logUtil.py DEBUG [test_kinds_standards_003--01 首页-数字概览--验证 各类达标情况  是否正确返回]
2021-12-15 18:36:57,986 G:\pycharm\script\UI_guangdong\tools\logUtil.py DEBUG [test_student_details_003--02 首页-学员详情--验证 查询功能]
2021-12-15 18:37:48,977 G:\pycharm\script\UI_guangdong\tools\logUtil.py DEBUG [test_company_data_003--03 首页-公司数据--验证 公司数据]
2021-12-15 18:38:02,612 G:\pycharm\script\UI_guangdong\tools\logUtil.py DEBUG [test_tabulate_data_003--04 培训计划报送--验证 查询操作]
2021-12-15 18:38:10,162 G:\pycharm\script\UI_guangdong\tools\logUtil.py DEBUG [test_query_inquire_005-- 05 培训记录查询--验证 操作]
2021-12-15 18:38:49,683 G:\pycharm\script\UI_guangdong\tools\logUtil.py DEBUG [test_inquire_003-- 05 培训学分查询--验证 查询操作]
2021-12-15 18:39:34,901 G:\pycharm\script\UI_guangdong\tools\logUtil.py DEBUG [test_operation_005-- 05 培训学分查询--验证 操作]
2021-12-15 18:40:21,116 G:\pycharm\script\UI_guangdong\tools\logUtil.py DEBUG [test_record_statistical_query_inquire_005-- 05 培训记录统计--验证 操作]
2021-12-15 22:34:05,051 G:\pycharm\script\UI_guangdong\tools\logUtil.py DEBUG [test_overview_digital_001--01 首页-数字概览--验证 总已参训人数/总计划人数相关字段、总达标人数/总参训人数  是否计算正确]
2021-12-15 22:34:15,742 G:\pycharm\script\UI_guangdong\tools\logUtil.py DEBUG [test_charts_002--01 首页-数字概览--验证 参训/达标走势图  是否正确返回]
2021-12-15 22:34:30,629 G:\pycharm\script\UI_guangdong\tools\logUtil.py DEBUG [test_kinds_standards_003--01 首页-数字概览--验证 各类达标情况  是否正确返回]
2021-12-15 22:34:36,799 G:\pycharm\script\UI_guangdong\tools\logUtil.py DEBUG [test_student_details_003--02 首页-学员详情--验证 查询功能]
2021-12-15 22:35:27,917 G:\pycharm\script\UI_guangdong\tools\logUtil.py DEBUG [test_company_data_003--03 首页-公司数据--验证 公司数据]
2021-12-15 22:35:41,737 G:\pycharm\script\UI_guangdong\tools\logUtil.py DEBUG [test_tabulate_data_003--04 培训计划报送--验证 查询操作]
2021-12-15 22:35:49,448 G:\pycharm\script\UI_guangdong\tools\logUtil.py DEBUG [test_inquire_003-- 05 培训学分查询--验证 查询操作]
2021-12-15 22:36:34,674 G:\pycharm\script\UI_guangdong\tools\logUtil.py DEBUG [test_operation_005-- 05 培训学分查询--验证 操作]
2021-12-15 22:37:21,016 G:\pycharm\script\UI_guangdong\tools\logUtil.py DEBUG [test_record_statistical_query_inquire_005-- 05 培训记录统计--验证 操作]
2021-12-15 22:44:23,429 G:\pycharm\script\UI_guangdong\tools\logUtil.py DEBUG [test_overview_digital_001--01 首页-数字概览--验证 总已参训人数/总计划人数相关字段、总达标人数/总参训人数  是否计算正确]
2021-12-15 22:44:34,073 G:\pycharm\script\UI_guangdong\tools\logUtil.py DEBUG [test_charts_002--01 首页-数字概览--验证 参训/达标走势图  是否正确返回]
2021-12-15 22:44:48,891 G:\pycharm\script\UI_guangdong\tools\logUtil.py DEBUG [test_kinds_standards_003--01 首页-数字概览--验证 各类达标情况  是否正确返回]
2021-12-15 22:44:55,019 G:\pycharm\script\UI_guangdong\tools\logUtil.py DEBUG [test_student_details_003--02 首页-学员详情--验证 查询功能]
2021-12-15 22:45:46,279 G:\pycharm\script\UI_guangdong\tools\logUtil.py DEBUG [test_company_data_003--03 首页-公司数据--验证 公司数据]
2021-12-15 22:46:00,004 G:\pycharm\script\UI_guangdong\tools\logUtil.py DEBUG [test_tabulate_data_003--04 培训计划报送--验证 查询操作]
2021-12-15 22:46:08,033 G:\pycharm\script\UI_guangdong\tools\logUtil.py DEBUG [test_inquire_003-- 05 培训学分查询--验证 查询操作]
2021-12-15 22:46:53,657 G:\pycharm\script\UI_guangdong\tools\logUtil.py DEBUG [test_operation_005-- 05 培训学分查询--验证 操作]
2021-12-15 22:47:39,906 G:\pycharm\script\UI_guangdong\tools\logUtil.py DEBUG [test_record_statistical_query_inquire_005-- 05 培训记录统计--验证 操作]
2021-12-15 22:50:45,678 G:\pycharm\script\UI_guangdong\tools\logUtil.py DEBUG [test_overview_digital_001--01 首页-数字概览--验证 总已参训人数/总计划人数相关字段、总达标人数/总参训人数  是否计算正确]
2021-12-15 22:55:42,771 G:\pycharm\script\UI_guangdong\tools\logUtil.py DEBUG [test_overview_digital_001--01 首页-数字概览--验证 总已参训人数/总计划人数相关字段、总达标人数/总参训人数  是否计算正确]
2021-12-15 22:58:00,554 G:\pycharm\script\UI_guangdong\tools\logUtil.py DEBUG [test_overview_digital_001--01 首页-数字概览--验证 总已参训人数/总计划人数相关字段、总达标人数/总参训人数  是否计算正确]
