2021-12-20 10:03:26,502 G:\pycharm\script\UI_guangdong_integrity\tools\logUtil.py DEBUG [test_Batch_query_Reset_01--01 个信息查询--05 批量查询:所有类型数据]
2021-12-20 10:07:08,377 G:\pycharm\script\UI_guangdong_integrity\tools\logUtil.py DEBUG [test_Batch_query_Reset_01--01 个信息查询--05 批量查询:所有类型数据]
2021-12-20 10:08:12,368 G:\pycharm\script\UI_guangdong_integrity\tools\logUtil.py DEBUG [test_Batch_query_Reset_01--01 个信息查询--05 批量查询:所有类型数据]
2021-12-20 10:10:16,704 G:\pycharm\script\UI_guangdong_integrity\tools\logUtil.py DEBUG [test_Batch_query_Reset_01--01 个信息查询--05 批量查询:所有类型数据]
2021-12-20 10:12:46,729 G:\pycharm\script\UI_guangdong_integrity\tools\logUtil.py DEBUG [test_Batch_query_Reset_01--01 个信息查询--05 批量查询:所有类型数据]
2021-12-20 10:19:00,967 G:\pycharm\script\UI_guangdong_integrity\tools\logUtil.py DEBUG [test_Batch_query_Reset_01--01 个信息查询--05 批量查询:所有类型数据]
2021-12-20 10:20:50,989 G:\pycharm\script\UI_guangdong_integrity\tools\logUtil.py DEBUG [test_Batch_query_Reset_01--01 个信息查询--05 批量查询:所有类型数据]
2021-12-20 10:28:00,145 G:\pycharm\script\UI_guangdong_integrity\tools\logUtil.py DEBUG [test_Batch_query_Reset_01--01 个信息查询--05 批量查询:所有类型数据]
2021-12-20 10:29:28,287 G:\pycharm\script\UI_guangdong_integrity\tools\logUtil.py DEBUG [test_Batch_query_Reset_01--01 个信息查询--05 批量查询:所有类型数据]
2021-12-20 10:54:48,904 G:\pycharm\script\UI_guangdong_integrity\tools\logUtil.py DEBUG [test_Default_condition_query_01--02 默认条件查询--01 在职人员管理]
2021-12-20 10:54:55,375 G:\pycharm\script\UI_guangdong_integrity\tools\logUtil.py DEBUG [test_Default_condition_query_02--02 默认条件查询--02 离职人员管理]
2021-12-20 10:55:02,954 G:\pycharm\script\UI_guangdong_integrity\tools\logUtil.py DEBUG [test_Default_condition_query_03--02 默认条件查询--03 执业证导入追踪]
2021-12-20 10:55:08,365 G:\pycharm\script\UI_guangdong_integrity\tools\logUtil.py DEBUG [test_Default_condition_query_04--02 默认条件查询--04 培训记录状态-诚信记录]
2021-12-20 10:55:14,155 G:\pycharm\script\UI_guangdong_integrity\tools\logUtil.py DEBUG [test_Default_condition_query_05--02 默认条件查询--05 培训记录状态-导入记录]
2021-12-20 10:55:19,990 G:\pycharm\script\UI_guangdong_integrity\tools\logUtil.py DEBUG [test_Default_condition_query_06--02 默认条件查询--06 我的待处理]
2021-12-20 10:55:25,629 G:\pycharm\script\UI_guangdong_integrity\tools\logUtil.py DEBUG [test_Default_condition_query_07--02 默认条件查询--07 我的已处理未生效件]
2021-12-20 10:55:30,962 G:\pycharm\script\UI_guangdong_integrity\tools\logUtil.py DEBUG [test_Default_condition_query_08--02 默认条件查询--08 我的已生效件]
2021-12-20 10:55:36,257 G:\pycharm\script\UI_guangdong_integrity\tools\logUtil.py DEBUG [test_Default_condition_query_09--02 默认条件查询--09 人员流动统计-人员流动统计]
2021-12-20 10:55:47,986 G:\pycharm\script\UI_guangdong_integrity\tools\logUtil.py DEBUG [test_Default_condition_query_10--02 默认条件查询--10 人员流动统计-入职人员来源统计]
2021-12-20 10:55:59,754 G:\pycharm\script\UI_guangdong_integrity\tools\logUtil.py DEBUG [test_Default_condition_query_11--02 默认条件查询--11 人员流动统计-离职人员去向统计]
2021-12-20 10:56:11,481 G:\pycharm\script\UI_guangdong_integrity\tools\logUtil.py DEBUG [test_Default_condition_query_12--02 默认条件查询--12 人员流动统计-离入职人员对比统计]
2021-12-20 10:56:22,964 G:\pycharm\script\UI_guangdong_integrity\tools\logUtil.py DEBUG [test_Default_condition_query_13--02 默认条件查询--13 入职人员查询]
2021-12-20 10:56:28,379 G:\pycharm\script\UI_guangdong_integrity\tools\logUtil.py DEBUG [test_Default_condition_query_14--02 默认条件查询--14 在职人员查询]
2021-12-20 10:56:33,751 G:\pycharm\script\UI_guangdong_integrity\tools\logUtil.py DEBUG [test_Default_condition_query_15--02 默认条件查询--15 离职人员查询]
2021-12-20 10:56:39,086 G:\pycharm\script\UI_guangdong_integrity\tools\logUtil.py DEBUG [test_Default_condition_query_16--02 默认条件查询--16 在职/离职执业证查询]
2021-12-20 10:56:44,453 G:\pycharm\script\UI_guangdong_integrity\tools\logUtil.py DEBUG [test_Default_condition_query_17--02 默认条件查询--17 各类人数汇总统计-人员属性汇总统计]
2021-12-20 10:56:50,185 G:\pycharm\script\UI_guangdong_integrity\tools\logUtil.py DEBUG [test_Default_condition_query_18--02 默认条件查询--18 各类人数汇总统计-人员属性统计]
2021-12-20 10:56:55,757 G:\pycharm\script\UI_guangdong_integrity\tools\logUtil.py DEBUG [test_Default_condition_query_19--02 默认条件查询--19 从业时长汇总统计]
2021-12-20 10:57:01,043 G:\pycharm\script\UI_guangdong_integrity\tools\logUtil.py DEBUG [test_Default_condition_query_20--02 默认条件查询--20 人员流动汇总统计-离职人员去向汇总统计]
2021-12-20 10:57:06,738 G:\pycharm\script\UI_guangdong_integrity\tools\logUtil.py DEBUG [test_Default_condition_query_21--02 默认条件查询--21 人员流动汇总统计-入职人员来源汇总统计]
2021-12-20 10:57:12,613 G:\pycharm\script\UI_guangdong_integrity\tools\logUtil.py DEBUG [test_Default_condition_query_22--02 默认条件查询--22 人员流动汇总统计-离入职人员对比汇总统计]
2021-12-20 10:57:18,241 G:\pycharm\script\UI_guangdong_integrity\tools\logUtil.py DEBUG [test_Default_condition_query_23--02 默认条件查询--23 业务指标清单查询-]
2021-12-20 10:57:24,058 G:\pycharm\script\UI_guangdong_integrity\tools\logUtil.py DEBUG [test_Default_condition_query_24--02 默认条件查询--24 业务指标汇总查询]
2021-12-20 10:57:29,741 G:\pycharm\script\UI_guangdong_integrity\tools\logUtil.py DEBUG [test_Default_condition_query_25--02 默认条件查询--25 电子执业证统计]
2021-12-20 10:57:35,487 G:\pycharm\script\UI_guangdong_integrity\tools\logUtil.py DEBUG [test_Default_condition_query_26--02 默认条件查询--26 电子执业证明细]
2021-12-20 10:57:41,019 G:\pycharm\script\UI_guangdong_integrity\tools\logUtil.py DEBUG [test_Default_condition_query_27--02 默认条件查询--27 人员诚信级别分布]
2021-12-20 10:57:46,361 G:\pycharm\script\UI_guangdong_integrity\tools\logUtil.py DEBUG [test_Default_condition_query_28--02 默认条件查询--28 各类诚信行为统计-各类诚信行为汇总统计]
2021-12-20 10:57:52,087 G:\pycharm\script\UI_guangdong_integrity\tools\logUtil.py DEBUG [test_Default_condition_query_29--02 默认条件查询--29 各类诚信行为统计-各类诚信行为统计]
2021-12-20 10:57:57,745 G:\pycharm\script\UI_guangdong_integrity\tools\logUtil.py DEBUG [test_Default_condition_query_30--02 默认条件查询--30 诚信记录生效清单-诚信记录查询]
2021-12-20 10:58:00,461 G:\pycharm\script\UI_guangdong_integrity\tools\logUtil.py DEBUG [test_Default_condition_query_31--02 默认条件查询--31 诚信记录生效清单-造成经济损失人员]
2021-12-20 10:58:06,427 G:\pycharm\script\UI_guangdong_integrity\tools\logUtil.py DEBUG [test_Default_condition_query_32--02 默认条件查询--32 诚信记录生效清单-多次获评同一级别人员]
2021-12-20 10:58:12,404 G:\pycharm\script\UI_guangdong_integrity\tools\logUtil.py DEBUG [test_Default_condition_query_33--02 默认条件查询--33 诚信记录生效清单-连续12个月诚信行为]
2021-12-20 10:58:18,505 G:\pycharm\script\UI_guangdong_integrity\tools\logUtil.py DEBUG [test_Default_condition_query_34--02 默认条件查询--34 诚信记录生效清单-未达成执业培训要求]
2021-12-20 10:58:24,129 G:\pycharm\script\UI_guangdong_integrity\tools\logUtil.py DEBUG [test_Default_condition_query_35--02 默认条件查询--35 被解约人员查询]
2021-12-20 10:58:29,483 G:\pycharm\script\UI_guangdong_integrity\tools\logUtil.py DEBUG [test_Default_condition_query_36--02 默认条件查询--36 被解约人员统计-汇总统计]
2021-12-20 10:58:35,197 G:\pycharm\script\UI_guangdong_integrity\tools\logUtil.py DEBUG [test_Default_condition_query_37--02 默认条件查询--37 被解约人员统计-被解约统计]
2021-12-20 10:58:40,808 G:\pycharm\script\UI_guangdong_integrity\tools\logUtil.py DEBUG [test_Default_condition_query_38--02 默认条件查询--38 逾期办理离职申诉管理]
2021-12-20 10:58:46,084 G:\pycharm\script\UI_guangdong_integrity\tools\logUtil.py DEBUG [test_Default_condition_query_39--02 默认条件查询--39 逾期离职申诉统计]
2021-12-20 10:58:57,376 G:\pycharm\script\UI_guangdong_integrity\tools\logUtil.py DEBUG [test_Default_condition_query_40--02 默认条件查询--40 账号登录次数]
2021-12-20 10:59:02,649 G:\pycharm\script\UI_guangdong_integrity\tools\logUtil.py DEBUG [test_Default_condition_query_41--02 默认条件查询--41 个人信息查询人次]
2021-12-20 10:59:07,939 G:\pycharm\script\UI_guangdong_integrity\tools\logUtil.py DEBUG [test_Default_condition_query_42--02 默认条件查询--42 诚信级别查询次数]
2021-12-20 10:59:13,222 G:\pycharm\script\UI_guangdong_integrity\tools\logUtil.py DEBUG [test_Default_condition_query_43--02 默认条件查询--43 电子执业证使用次数]
2021-12-20 11:13:36,997 G:\pycharm\script\UI_guangdong_integrity\tools\logUtil.py DEBUG [test_Default_condition_query_01--02 默认条件查询--01 在职人员管理]
2021-12-20 11:13:42,419 G:\pycharm\script\UI_guangdong_integrity\tools\logUtil.py DEBUG [test_Default_condition_query_02--02 默认条件查询--02 离职人员管理]
2021-12-20 11:13:48,890 G:\pycharm\script\UI_guangdong_integrity\tools\logUtil.py DEBUG [test_Default_condition_query_03--02 默认条件查询--03 执业证导入追踪]
2021-12-20 11:13:59,295 G:\pycharm\script\UI_guangdong_integrity\tools\logUtil.py DEBUG [test_Default_condition_query_04--02 默认条件查询--04 培训记录状态-诚信记录]
2021-12-20 11:14:05,209 G:\pycharm\script\UI_guangdong_integrity\tools\logUtil.py DEBUG [test_Default_condition_query_05--02 默认条件查询--05 培训记录状态-导入记录]
2021-12-20 11:14:10,948 G:\pycharm\script\UI_guangdong_integrity\tools\logUtil.py DEBUG [test_Default_condition_query_06--02 默认条件查询--06 我的待处理]
2021-12-20 11:14:16,554 G:\pycharm\script\UI_guangdong_integrity\tools\logUtil.py DEBUG [test_Default_condition_query_07--02 默认条件查询--07 我的已处理未生效件]
2021-12-20 11:14:21,914 G:\pycharm\script\UI_guangdong_integrity\tools\logUtil.py DEBUG [test_Default_condition_query_08--02 默认条件查询--08 我的已生效件]
2021-12-20 11:14:27,211 G:\pycharm\script\UI_guangdong_integrity\tools\logUtil.py DEBUG [test_Default_condition_query_09--02 默认条件查询--09 人员流动统计-人员流动统计]
2021-12-20 11:14:33,549 G:\pycharm\script\UI_guangdong_integrity\tools\logUtil.py DEBUG [test_Default_condition_query_10--02 默认条件查询--10 人员流动统计-入职人员来源统计]
2021-12-20 11:14:39,902 G:\pycharm\script\UI_guangdong_integrity\tools\logUtil.py DEBUG [test_Default_condition_query_11--02 默认条件查询--11 人员流动统计-离职人员去向统计]
2021-12-20 11:14:46,227 G:\pycharm\script\UI_guangdong_integrity\tools\logUtil.py DEBUG [test_Default_condition_query_12--02 默认条件查询--12 人员流动统计-离入职人员对比统计]
2021-12-20 11:14:52,124 G:\pycharm\script\UI_guangdong_integrity\tools\logUtil.py DEBUG [test_Default_condition_query_13--02 默认条件查询--13 入职人员查询]
2021-12-20 11:14:57,525 G:\pycharm\script\UI_guangdong_integrity\tools\logUtil.py DEBUG [test_Default_condition_query_14--02 默认条件查询--14 在职人员查询]
2021-12-20 11:15:02,900 G:\pycharm\script\UI_guangdong_integrity\tools\logUtil.py DEBUG [test_Default_condition_query_15--02 默认条件查询--15 离职人员查询]
2021-12-20 11:15:08,274 G:\pycharm\script\UI_guangdong_integrity\tools\logUtil.py DEBUG [test_Default_condition_query_16--02 默认条件查询--16 在职/离职执业证查询]
2021-12-20 11:15:13,708 G:\pycharm\script\UI_guangdong_integrity\tools\logUtil.py DEBUG [test_Default_condition_query_17--02 默认条件查询--17 各类人数汇总统计-人员属性汇总统计]
2021-12-20 11:15:19,500 G:\pycharm\script\UI_guangdong_integrity\tools\logUtil.py DEBUG [test_Default_condition_query_18--02 默认条件查询--18 各类人数汇总统计-人员属性统计]
2021-12-20 11:15:25,111 G:\pycharm\script\UI_guangdong_integrity\tools\logUtil.py DEBUG [test_Default_condition_query_19--02 默认条件查询--19 从业时长汇总统计]
2021-12-20 11:15:30,455 G:\pycharm\script\UI_guangdong_integrity\tools\logUtil.py DEBUG [test_Default_condition_query_20--02 默认条件查询--20 人员流动汇总统计-离职人员去向汇总统计]
2021-12-20 11:15:36,238 G:\pycharm\script\UI_guangdong_integrity\tools\logUtil.py DEBUG [test_Default_condition_query_21--02 默认条件查询--21 人员流动汇总统计-入职人员来源汇总统计]
2021-12-20 11:15:42,275 G:\pycharm\script\UI_guangdong_integrity\tools\logUtil.py DEBUG [test_Default_condition_query_22--02 默认条件查询--22 人员流动汇总统计-离入职人员对比汇总统计]
2021-12-20 11:15:47,936 G:\pycharm\script\UI_guangdong_integrity\tools\logUtil.py DEBUG [test_Default_condition_query_23--02 默认条件查询--23 业务指标清单查询-]
2021-12-20 11:15:53,819 G:\pycharm\script\UI_guangdong_integrity\tools\logUtil.py DEBUG [test_Default_condition_query_24--02 默认条件查询--24 业务指标汇总查询]
2021-12-20 11:15:59,527 G:\pycharm\script\UI_guangdong_integrity\tools\logUtil.py DEBUG [test_Default_condition_query_25--02 默认条件查询--25 电子执业证统计]
2021-12-20 11:16:05,281 G:\pycharm\script\UI_guangdong_integrity\tools\logUtil.py DEBUG [test_Default_condition_query_26--02 默认条件查询--26 电子执业证明细]
2021-12-20 11:16:10,925 G:\pycharm\script\UI_guangdong_integrity\tools\logUtil.py DEBUG [test_Default_condition_query_27--02 默认条件查询--27 人员诚信级别分布]
2021-12-20 11:16:16,310 G:\pycharm\script\UI_guangdong_integrity\tools\logUtil.py DEBUG [test_Default_condition_query_28--02 默认条件查询--28 各类诚信行为统计-各类诚信行为汇总统计]
2021-12-20 11:16:22,088 G:\pycharm\script\UI_guangdong_integrity\tools\logUtil.py DEBUG [test_Default_condition_query_29--02 默认条件查询--29 各类诚信行为统计-各类诚信行为统计]
2021-12-20 11:16:27,818 G:\pycharm\script\UI_guangdong_integrity\tools\logUtil.py DEBUG [test_Default_condition_query_30--02 默认条件查询--30 诚信记录生效清单-诚信记录查询]
2021-12-20 11:16:30,783 G:\pycharm\script\UI_guangdong_integrity\tools\logUtil.py DEBUG [test_Default_condition_query_31--02 默认条件查询--31 诚信记录生效清单-造成经济损失人员]
2021-12-20 11:16:36,952 G:\pycharm\script\UI_guangdong_integrity\tools\logUtil.py DEBUG [test_Default_condition_query_32--02 默认条件查询--32 诚信记录生效清单-多次获评同一级别人员]
2021-12-20 11:16:43,115 G:\pycharm\script\UI_guangdong_integrity\tools\logUtil.py DEBUG [test_Default_condition_query_33--02 默认条件查询--33 诚信记录生效清单-连续12个月诚信行为]
2021-12-20 11:16:49,193 G:\pycharm\script\UI_guangdong_integrity\tools\logUtil.py DEBUG [test_Default_condition_query_34--02 默认条件查询--34 诚信记录生效清单-未达成执业培训要求]
2021-12-20 11:16:54,825 G:\pycharm\script\UI_guangdong_integrity\tools\logUtil.py DEBUG [test_Default_condition_query_35--02 默认条件查询--35 被解约人员查询]
2021-12-20 11:17:00,211 G:\pycharm\script\UI_guangdong_integrity\tools\logUtil.py DEBUG [test_Default_condition_query_36--02 默认条件查询--36 被解约人员统计-汇总统计]
2021-12-20 11:17:05,988 G:\pycharm\script\UI_guangdong_integrity\tools\logUtil.py DEBUG [test_Default_condition_query_37--02 默认条件查询--37 被解约人员统计-被解约统计]
2021-12-20 11:17:11,651 G:\pycharm\script\UI_guangdong_integrity\tools\logUtil.py DEBUG [test_Default_condition_query_38--02 默认条件查询--38 逾期办理离职申诉管理]
2021-12-20 11:17:16,945 G:\pycharm\script\UI_guangdong_integrity\tools\logUtil.py DEBUG [test_Default_condition_query_39--02 默认条件查询--39 逾期离职申诉统计]
2021-12-20 11:17:28,342 G:\pycharm\script\UI_guangdong_integrity\tools\logUtil.py DEBUG [test_Default_condition_query_40--02 默认条件查询--40 账号登录次数]
2021-12-20 11:17:33,639 G:\pycharm\script\UI_guangdong_integrity\tools\logUtil.py DEBUG [test_Default_condition_query_41--02 默认条件查询--41 个人信息查询人次]
2021-12-20 11:17:38,947 G:\pycharm\script\UI_guangdong_integrity\tools\logUtil.py DEBUG [test_Default_condition_query_42--02 默认条件查询--42 诚信级别查询次数]
2021-12-20 11:17:44,253 G:\pycharm\script\UI_guangdong_integrity\tools\logUtil.py DEBUG [test_Default_condition_query_43--02 默认条件查询--43 电子执业证使用次数]
2021-12-20 11:21:35,435 G:\pycharm\script\UI_guangdong_integrity\tools\logUtil.py DEBUG [test_Default_condition_query_30--02 默认条件查询--30 诚信记录生效清单-诚信记录查询]
2021-12-20 11:24:36,433 G:\pycharm\script\UI_guangdong_integrity\tools\logUtil.py DEBUG [test_Default_condition_query_30--02 默认条件查询--30 诚信记录生效清单-诚信记录查询]
2021-12-20 11:25:39,404 G:\pycharm\script\UI_guangdong_integrity\tools\logUtil.py DEBUG [test_Default_condition_query_01--02 默认条件查询--01 在职人员管理]
2021-12-20 11:25:44,799 G:\pycharm\script\UI_guangdong_integrity\tools\logUtil.py DEBUG [test_Default_condition_query_02--02 默认条件查询--02 离职人员管理]
2021-12-20 11:25:51,175 G:\pycharm\script\UI_guangdong_integrity\tools\logUtil.py DEBUG [test_Default_condition_query_03--02 默认条件查询--03 执业证导入追踪]
2021-12-20 11:26:01,536 G:\pycharm\script\UI_guangdong_integrity\tools\logUtil.py DEBUG [test_Default_condition_query_04--02 默认条件查询--04 培训记录状态-诚信记录]
2021-12-20 11:26:07,309 G:\pycharm\script\UI_guangdong_integrity\tools\logUtil.py DEBUG [test_Default_condition_query_05--02 默认条件查询--05 培训记录状态-导入记录]
2021-12-20 11:26:12,967 G:\pycharm\script\UI_guangdong_integrity\tools\logUtil.py DEBUG [test_Default_condition_query_06--02 默认条件查询--06 我的待处理]
2021-12-20 11:26:18,593 G:\pycharm\script\UI_guangdong_integrity\tools\logUtil.py DEBUG [test_Default_condition_query_07--02 默认条件查询--07 我的已处理未生效件]
2021-12-20 11:26:23,964 G:\pycharm\script\UI_guangdong_integrity\tools\logUtil.py DEBUG [test_Default_condition_query_08--02 默认条件查询--08 我的已生效件]
2021-12-20 11:26:29,255 G:\pycharm\script\UI_guangdong_integrity\tools\logUtil.py DEBUG [test_Default_condition_query_09--02 默认条件查询--09 人员流动统计-人员流动统计]
2021-12-20 11:26:35,577 G:\pycharm\script\UI_guangdong_integrity\tools\logUtil.py DEBUG [test_Default_condition_query_10--02 默认条件查询--10 人员流动统计-入职人员来源统计]
2021-12-20 11:26:41,963 G:\pycharm\script\UI_guangdong_integrity\tools\logUtil.py DEBUG [test_Default_condition_query_11--02 默认条件查询--11 人员流动统计-离职人员去向统计]
2021-12-20 11:26:48,381 G:\pycharm\script\UI_guangdong_integrity\tools\logUtil.py DEBUG [test_Default_condition_query_12--02 默认条件查询--12 人员流动统计-离入职人员对比统计]
2021-12-20 11:26:54,230 G:\pycharm\script\UI_guangdong_integrity\tools\logUtil.py DEBUG [test_Default_condition_query_13--02 默认条件查询--13 入职人员查询]
2021-12-20 11:26:59,634 G:\pycharm\script\UI_guangdong_integrity\tools\logUtil.py DEBUG [test_Default_condition_query_14--02 默认条件查询--14 在职人员查询]
2021-12-20 11:27:05,036 G:\pycharm\script\UI_guangdong_integrity\tools\logUtil.py DEBUG [test_Default_condition_query_15--02 默认条件查询--15 离职人员查询]
2021-12-20 11:27:10,372 G:\pycharm\script\UI_guangdong_integrity\tools\logUtil.py DEBUG [test_Default_condition_query_16--02 默认条件查询--16 在职/离职执业证查询]
2021-12-20 11:27:15,714 G:\pycharm\script\UI_guangdong_integrity\tools\logUtil.py DEBUG [test_Default_condition_query_17--02 默认条件查询--17 各类人数汇总统计-人员属性汇总统计]
2021-12-20 11:27:21,460 G:\pycharm\script\UI_guangdong_integrity\tools\logUtil.py DEBUG [test_Default_condition_query_18--02 默认条件查询--18 各类人数汇总统计-人员属性统计]
2021-12-20 11:27:27,397 G:\pycharm\script\UI_guangdong_integrity\tools\logUtil.py DEBUG [test_Default_condition_query_19--02 默认条件查询--19 从业时长汇总统计]
2021-12-20 11:27:32,692 G:\pycharm\script\UI_guangdong_integrity\tools\logUtil.py DEBUG [test_Default_condition_query_20--02 默认条件查询--20 人员流动汇总统计-离职人员去向汇总统计]
2021-12-20 11:27:38,377 G:\pycharm\script\UI_guangdong_integrity\tools\logUtil.py DEBUG [test_Default_condition_query_21--02 默认条件查询--21 人员流动汇总统计-入职人员来源汇总统计]
2021-12-20 11:27:44,393 G:\pycharm\script\UI_guangdong_integrity\tools\logUtil.py DEBUG [test_Default_condition_query_22--02 默认条件查询--22 人员流动汇总统计-离入职人员对比汇总统计]
2021-12-20 11:27:49,997 G:\pycharm\script\UI_guangdong_integrity\tools\logUtil.py DEBUG [test_Default_condition_query_23--02 默认条件查询--23 业务指标清单查询-]
2021-12-20 11:27:55,726 G:\pycharm\script\UI_guangdong_integrity\tools\logUtil.py DEBUG [test_Default_condition_query_24--02 默认条件查询--24 业务指标汇总查询]
2021-12-20 11:28:01,347 G:\pycharm\script\UI_guangdong_integrity\tools\logUtil.py DEBUG [test_Default_condition_query_25--02 默认条件查询--25 电子执业证统计]
2021-12-20 11:28:07,029 G:\pycharm\script\UI_guangdong_integrity\tools\logUtil.py DEBUG [test_Default_condition_query_26--02 默认条件查询--26 电子执业证明细]
2021-12-20 11:28:12,570 G:\pycharm\script\UI_guangdong_integrity\tools\logUtil.py DEBUG [test_Default_condition_query_27--02 默认条件查询--27 人员诚信级别分布]
2021-12-20 11:28:17,918 G:\pycharm\script\UI_guangdong_integrity\tools\logUtil.py DEBUG [test_Default_condition_query_28--02 默认条件查询--28 各类诚信行为统计-各类诚信行为汇总统计]
2021-12-20 11:28:23,736 G:\pycharm\script\UI_guangdong_integrity\tools\logUtil.py DEBUG [test_Default_condition_query_29--02 默认条件查询--29 各类诚信行为统计-各类诚信行为统计]
2021-12-20 11:28:29,917 G:\pycharm\script\UI_guangdong_integrity\tools\logUtil.py DEBUG [test_Default_condition_query_30--02 默认条件查询--30 诚信记录生效清单-诚信记录查询]
2021-12-20 11:28:32,918 G:\pycharm\script\UI_guangdong_integrity\tools\logUtil.py DEBUG [test_Default_condition_query_31--02 默认条件查询--31 诚信记录生效清单-造成经济损失人员]
2021-12-20 11:28:38,978 G:\pycharm\script\UI_guangdong_integrity\tools\logUtil.py DEBUG [test_Default_condition_query_32--02 默认条件查询--32 诚信记录生效清单-多次获评同一级别人员]
2021-12-20 11:28:45,007 G:\pycharm\script\UI_guangdong_integrity\tools\logUtil.py DEBUG [test_Default_condition_query_33--02 默认条件查询--33 诚信记录生效清单-连续12个月诚信行为]
2021-12-20 11:28:51,038 G:\pycharm\script\UI_guangdong_integrity\tools\logUtil.py DEBUG [test_Default_condition_query_34--02 默认条件查询--34 诚信记录生效清单-未达成执业培训要求]
2021-12-20 11:28:56,617 G:\pycharm\script\UI_guangdong_integrity\tools\logUtil.py DEBUG [test_Default_condition_query_35--02 默认条件查询--35 被解约人员查询]
2021-12-20 11:29:01,943 G:\pycharm\script\UI_guangdong_integrity\tools\logUtil.py DEBUG [test_Default_condition_query_36--02 默认条件查询--36 被解约人员统计-汇总统计]
2021-12-20 11:29:07,623 G:\pycharm\script\UI_guangdong_integrity\tools\logUtil.py DEBUG [test_Default_condition_query_37--02 默认条件查询--37 被解约人员统计-被解约统计]
2021-12-20 11:29:13,235 G:\pycharm\script\UI_guangdong_integrity\tools\logUtil.py DEBUG [test_Default_condition_query_38--02 默认条件查询--38 逾期办理离职申诉管理]
2021-12-20 11:29:18,516 G:\pycharm\script\UI_guangdong_integrity\tools\logUtil.py DEBUG [test_Default_condition_query_39--02 默认条件查询--39 逾期离职申诉统计]
2021-12-20 11:29:22,769 G:\pycharm\script\UI_guangdong_integrity\tools\logUtil.py DEBUG [test_Default_condition_query_40--02 默认条件查询--40 账号登录次数]
2021-12-20 11:29:28,022 G:\pycharm\script\UI_guangdong_integrity\tools\logUtil.py DEBUG [test_Default_condition_query_41--02 默认条件查询--41 个人信息查询人次]
2021-12-20 11:29:33,318 G:\pycharm\script\UI_guangdong_integrity\tools\logUtil.py DEBUG [test_Default_condition_query_42--02 默认条件查询--42 诚信级别查询次数]
2021-12-20 11:29:38,578 G:\pycharm\script\UI_guangdong_integrity\tools\logUtil.py DEBUG [test_Default_condition_query_43--02 默认条件查询--43 电子执业证使用次数]
2021-12-20 11:37:08,239 G:\pycharm\script\UI_guangdong_integrity\tools\logUtil.py DEBUG [test_Default_condition_query_30--02 默认条件查询--30 诚信记录生效清单-诚信记录查询]
2021-12-20 11:38:44,433 G:\pycharm\script\UI_guangdong_integrity\tools\logUtil.py DEBUG [test_OD_inquire_01--01 个信息查询--01 单个查询:在职-身份证]
2021-12-20 11:38:53,865 G:\pycharm\script\UI_guangdong_integrity\tools\logUtil.py DEBUG [test_OD_inquire_02--01 个信息查询--02 单个查询:在职-其他]
2021-12-20 11:39:03,365 G:\pycharm\script\UI_guangdong_integrity\tools\logUtil.py DEBUG [test_OD_inquire_03--01 个信息查询--03 单个查询:离职-身份证]
2021-12-20 11:39:13,046 G:\pycharm\script\UI_guangdong_integrity\tools\logUtil.py DEBUG [test_OD_inquire_04--01 个信息查询--04 单个查询:离职-其他]
2021-12-20 11:39:22,894 G:\pycharm\script\UI_guangdong_integrity\tools\logUtil.py DEBUG [test_Batch_query_Reset_01--01 个信息查询--05 批量查询:所有类型数据]
2021-12-20 11:39:28,114 G:\pycharm\script\UI_guangdong_integrity\tools\logUtil.py DEBUG [test_import_query_02--01 个信息查询--06 导入查询]
2021-12-20 11:39:33,346 G:\pycharm\script\UI_guangdong_integrity\tools\logUtil.py DEBUG [test_Default_condition_query_01--02 默认条件查询--01 在职人员管理]
2021-12-20 11:39:38,825 G:\pycharm\script\UI_guangdong_integrity\tools\logUtil.py DEBUG [test_Default_condition_query_02--02 默认条件查询--02 离职人员管理]
2021-12-20 11:39:45,278 G:\pycharm\script\UI_guangdong_integrity\tools\logUtil.py DEBUG [test_Default_condition_query_03--02 默认条件查询--03 执业证导入追踪]
2021-12-20 11:39:55,722 G:\pycharm\script\UI_guangdong_integrity\tools\logUtil.py DEBUG [test_Default_condition_query_04--02 默认条件查询--04 培训记录状态-诚信记录]
2021-12-20 11:40:01,497 G:\pycharm\script\UI_guangdong_integrity\tools\logUtil.py DEBUG [test_Default_condition_query_05--02 默认条件查询--05 培训记录状态-导入记录]
2021-12-20 11:40:07,179 G:\pycharm\script\UI_guangdong_integrity\tools\logUtil.py DEBUG [test_Default_condition_query_06--02 默认条件查询--06 我的待处理]
2021-12-20 11:40:12,880 G:\pycharm\script\UI_guangdong_integrity\tools\logUtil.py DEBUG [test_Default_condition_query_07--02 默认条件查询--07 我的已处理未生效件]
2021-12-20 11:40:18,349 G:\pycharm\script\UI_guangdong_integrity\tools\logUtil.py DEBUG [test_Default_condition_query_08--02 默认条件查询--08 我的已生效件]
2021-12-20 11:40:23,800 G:\pycharm\script\UI_guangdong_integrity\tools\logUtil.py DEBUG [test_Default_condition_query_09--02 默认条件查询--09 人员流动统计-人员流动统计]
2021-12-20 11:40:30,202 G:\pycharm\script\UI_guangdong_integrity\tools\logUtil.py DEBUG [test_Default_condition_query_10--02 默认条件查询--10 人员流动统计-入职人员来源统计]
2021-12-20 11:40:36,564 G:\pycharm\script\UI_guangdong_integrity\tools\logUtil.py DEBUG [test_Default_condition_query_11--02 默认条件查询--11 人员流动统计-离职人员去向统计]
2021-12-20 11:40:42,856 G:\pycharm\script\UI_guangdong_integrity\tools\logUtil.py DEBUG [test_Default_condition_query_12--02 默认条件查询--12 人员流动统计-离入职人员对比统计]
2021-12-20 11:40:48,712 G:\pycharm\script\UI_guangdong_integrity\tools\logUtil.py DEBUG [test_Default_condition_query_13--02 默认条件查询--13 入职人员查询]
2021-12-20 11:40:54,110 G:\pycharm\script\UI_guangdong_integrity\tools\logUtil.py DEBUG [test_Default_condition_query_14--02 默认条件查询--14 在职人员查询]
2021-12-20 11:40:59,487 G:\pycharm\script\UI_guangdong_integrity\tools\logUtil.py DEBUG [test_Default_condition_query_15--02 默认条件查询--15 离职人员查询]
2021-12-20 11:41:04,866 G:\pycharm\script\UI_guangdong_integrity\tools\logUtil.py DEBUG [test_Default_condition_query_16--02 默认条件查询--16 在职/离职执业证查询]
2021-12-20 11:41:10,273 G:\pycharm\script\UI_guangdong_integrity\tools\logUtil.py DEBUG [test_Default_condition_query_17--02 默认条件查询--17 各类人数汇总统计-人员属性汇总统计]
2021-12-20 11:41:15,961 G:\pycharm\script\UI_guangdong_integrity\tools\logUtil.py DEBUG [test_Default_condition_query_18--02 默认条件查询--18 各类人数汇总统计-人员属性统计]
2021-12-20 11:41:21,614 G:\pycharm\script\UI_guangdong_integrity\tools\logUtil.py DEBUG [test_Default_condition_query_19--02 默认条件查询--19 从业时长汇总统计]
2021-12-20 11:41:26,933 G:\pycharm\script\UI_guangdong_integrity\tools\logUtil.py DEBUG [test_Default_condition_query_20--02 默认条件查询--20 人员流动汇总统计-离职人员去向汇总统计]
2021-12-20 11:41:32,658 G:\pycharm\script\UI_guangdong_integrity\tools\logUtil.py DEBUG [test_Default_condition_query_21--02 默认条件查询--21 人员流动汇总统计-入职人员来源汇总统计]
2021-12-20 11:41:38,619 G:\pycharm\script\UI_guangdong_integrity\tools\logUtil.py DEBUG [test_Default_condition_query_22--02 默认条件查询--22 人员流动汇总统计-离入职人员对比汇总统计]
2021-12-20 11:41:44,270 G:\pycharm\script\UI_guangdong_integrity\tools\logUtil.py DEBUG [test_Default_condition_query_23--02 默认条件查询--23 业务指标清单查询-]
2021-12-20 11:41:50,017 G:\pycharm\script\UI_guangdong_integrity\tools\logUtil.py DEBUG [test_Default_condition_query_24--02 默认条件查询--24 业务指标汇总查询]
2021-12-20 11:41:55,660 G:\pycharm\script\UI_guangdong_integrity\tools\logUtil.py DEBUG [test_Default_condition_query_25--02 默认条件查询--25 电子执业证统计]
2021-12-20 11:42:01,353 G:\pycharm\script\UI_guangdong_integrity\tools\logUtil.py DEBUG [test_Default_condition_query_26--02 默认条件查询--26 电子执业证明细]
2021-12-20 11:42:06,973 G:\pycharm\script\UI_guangdong_integrity\tools\logUtil.py DEBUG [test_Default_condition_query_27--02 默认条件查询--27 人员诚信级别分布]
2021-12-20 11:42:12,344 G:\pycharm\script\UI_guangdong_integrity\tools\logUtil.py DEBUG [test_Default_condition_query_28--02 默认条件查询--28 各类诚信行为统计-各类诚信行为汇总统计]
2021-12-20 11:42:18,090 G:\pycharm\script\UI_guangdong_integrity\tools\logUtil.py DEBUG [test_Default_condition_query_29--02 默认条件查询--29 各类诚信行为统计-各类诚信行为统计]
2021-12-20 11:42:23,775 G:\pycharm\script\UI_guangdong_integrity\tools\logUtil.py DEBUG [test_Default_condition_query_30--02 默认条件查询--30 诚信记录生效清单-诚信记录查询]
2021-12-20 11:42:26,548 G:\pycharm\script\UI_guangdong_integrity\tools\logUtil.py DEBUG [test_Default_condition_query_31--02 默认条件查询--31 诚信记录生效清单-造成经济损失人员]
2021-12-20 11:42:32,597 G:\pycharm\script\UI_guangdong_integrity\tools\logUtil.py DEBUG [test_Default_condition_query_32--02 默认条件查询--32 诚信记录生效清单-多次获评同一级别人员]
2021-12-20 11:42:38,588 G:\pycharm\script\UI_guangdong_integrity\tools\logUtil.py DEBUG [test_Default_condition_query_33--02 默认条件查询--33 诚信记录生效清单-连续12个月诚信行为]
2021-12-20 11:42:44,588 G:\pycharm\script\UI_guangdong_integrity\tools\logUtil.py DEBUG [test_Default_condition_query_34--02 默认条件查询--34 诚信记录生效清单-未达成执业培训要求]
2021-12-20 11:42:50,210 G:\pycharm\script\UI_guangdong_integrity\tools\logUtil.py DEBUG [test_Default_condition_query_35--02 默认条件查询--35 被解约人员查询]
2021-12-20 11:42:55,605 G:\pycharm\script\UI_guangdong_integrity\tools\logUtil.py DEBUG [test_Default_condition_query_36--02 默认条件查询--36 被解约人员统计-汇总统计]
2021-12-20 11:43:01,319 G:\pycharm\script\UI_guangdong_integrity\tools\logUtil.py DEBUG [test_Default_condition_query_37--02 默认条件查询--37 被解约人员统计-被解约统计]
2021-12-20 11:43:07,041 G:\pycharm\script\UI_guangdong_integrity\tools\logUtil.py DEBUG [test_Default_condition_query_38--02 默认条件查询--38 逾期办理离职申诉管理]
2021-12-20 11:43:12,352 G:\pycharm\script\UI_guangdong_integrity\tools\logUtil.py DEBUG [test_Default_condition_query_39--02 默认条件查询--39 逾期离职申诉统计]
2021-12-20 11:43:16,642 G:\pycharm\script\UI_guangdong_integrity\tools\logUtil.py DEBUG [test_Default_condition_query_40--02 默认条件查询--40 账号登录次数]
2021-12-20 11:43:21,941 G:\pycharm\script\UI_guangdong_integrity\tools\logUtil.py DEBUG [test_Default_condition_query_41--02 默认条件查询--41 个人信息查询人次]
2021-12-20 11:43:27,249 G:\pycharm\script\UI_guangdong_integrity\tools\logUtil.py DEBUG [test_Default_condition_query_42--02 默认条件查询--42 诚信级别查询次数]
2021-12-20 11:43:32,567 G:\pycharm\script\UI_guangdong_integrity\tools\logUtil.py DEBUG [test_Default_condition_query_43--02 默认条件查询--43 电子执业证使用次数]
2021-12-20 11:46:16,411 G:\pycharm\script\UI_guangdong_integrity\tools\logUtil.py DEBUG [test_OD_inquire_01--01 个信息查询--01 单个查询:在职-身份证]
2021-12-20 11:46:26,178 G:\pycharm\script\UI_guangdong_integrity\tools\logUtil.py DEBUG [test_OD_inquire_02--01 个信息查询--02 单个查询:在职-其他]
2021-12-20 11:46:35,508 G:\pycharm\script\UI_guangdong_integrity\tools\logUtil.py DEBUG [test_OD_inquire_03--01 个信息查询--03 单个查询:离职-身份证]
2021-12-20 11:46:44,774 G:\pycharm\script\UI_guangdong_integrity\tools\logUtil.py DEBUG [test_OD_inquire_04--01 个信息查询--04 单个查询:离职-其他]
2021-12-20 11:48:50,851 G:\pycharm\script\UI_guangdong_integrity\tools\logUtil.py DEBUG [test_OD_inquire_01--01 个信息查询--01 单个查询:在职-身份证]
2021-12-20 11:49:00,218 G:\pycharm\script\UI_guangdong_integrity\tools\logUtil.py DEBUG [test_OD_inquire_02--01 个信息查询--02 单个查询:在职-其他]
2021-12-20 11:49:09,576 G:\pycharm\script\UI_guangdong_integrity\tools\logUtil.py DEBUG [test_OD_inquire_03--01 个信息查询--03 单个查询:离职-身份证]
2021-12-20 11:49:18,925 G:\pycharm\script\UI_guangdong_integrity\tools\logUtil.py DEBUG [test_OD_inquire_04--01 个信息查询--04 单个查询:离职-其他]
2021-12-20 11:50:54,952 G:\pycharm\script\UI_guangdong_integrity\tools\logUtil.py DEBUG [test_OD_inquire_01--01 个信息查询--01 单个查询:在职-身份证]
2021-12-20 11:51:04,300 G:\pycharm\script\UI_guangdong_integrity\tools\logUtil.py DEBUG [test_OD_inquire_02--01 个信息查询--02 单个查询:在职-其他]
2021-12-20 11:51:14,125 G:\pycharm\script\UI_guangdong_integrity\tools\logUtil.py DEBUG [test_OD_inquire_03--01 个信息查询--03 单个查询:离职-身份证]
2021-12-20 11:51:23,369 G:\pycharm\script\UI_guangdong_integrity\tools\logUtil.py DEBUG [test_OD_inquire_04--01 个信息查询--04 单个查询:离职-其他]
2021-12-20 11:51:32,667 G:\pycharm\script\UI_guangdong_integrity\tools\logUtil.py DEBUG [test_Batch_query_Reset_01--01 个信息查询--05 批量查询:所有类型数据]
2021-12-20 11:51:37,371 G:\pycharm\script\UI_guangdong_integrity\tools\logUtil.py DEBUG [test_import_query_02--01 个信息查询--06 导入查询]
2021-12-20 11:51:42,269 G:\pycharm\script\UI_guangdong_integrity\tools\logUtil.py DEBUG [test_Default_condition_query_01--02 默认条件查询--01 在职人员管理]
2021-12-20 11:51:47,643 G:\pycharm\script\UI_guangdong_integrity\tools\logUtil.py DEBUG [test_Default_condition_query_02--02 默认条件查询--02 离职人员管理]
2021-12-20 11:51:54,055 G:\pycharm\script\UI_guangdong_integrity\tools\logUtil.py DEBUG [test_Default_condition_query_03--02 默认条件查询--03 执业证导入追踪]
2021-12-20 11:52:04,434 G:\pycharm\script\UI_guangdong_integrity\tools\logUtil.py DEBUG [test_Default_condition_query_04--02 默认条件查询--04 培训记录状态-诚信记录]
2021-12-20 11:52:10,427 G:\pycharm\script\UI_guangdong_integrity\tools\logUtil.py DEBUG [test_Default_condition_query_05--02 默认条件查询--05 培训记录状态-导入记录]
2021-12-20 11:52:16,368 G:\pycharm\script\UI_guangdong_integrity\tools\logUtil.py DEBUG [test_Default_condition_query_06--02 默认条件查询--06 我的待处理]
2021-12-20 11:52:22,012 G:\pycharm\script\UI_guangdong_integrity\tools\logUtil.py DEBUG [test_Default_condition_query_07--02 默认条件查询--07 我的已处理未生效件]
2021-12-20 11:52:27,340 G:\pycharm\script\UI_guangdong_integrity\tools\logUtil.py DEBUG [test_Default_condition_query_08--02 默认条件查询--08 我的已生效件]
2021-12-20 11:52:32,627 G:\pycharm\script\UI_guangdong_integrity\tools\logUtil.py DEBUG [test_Default_condition_query_09--02 默认条件查询--09 人员流动统计-人员流动统计]
2021-12-20 11:52:38,734 G:\pycharm\script\UI_guangdong_integrity\tools\logUtil.py DEBUG [test_Default_condition_query_10--02 默认条件查询--10 人员流动统计-入职人员来源统计]
2021-12-20 11:52:45,019 G:\pycharm\script\UI_guangdong_integrity\tools\logUtil.py DEBUG [test_Default_condition_query_11--02 默认条件查询--11 人员流动统计-离职人员去向统计]
2021-12-20 11:52:51,338 G:\pycharm\script\UI_guangdong_integrity\tools\logUtil.py DEBUG [test_Default_condition_query_12--02 默认条件查询--12 人员流动统计-离入职人员对比统计]
2021-12-20 11:52:57,219 G:\pycharm\script\UI_guangdong_integrity\tools\logUtil.py DEBUG [test_Default_condition_query_13--02 默认条件查询--13 入职人员查询]
2021-12-20 11:53:02,578 G:\pycharm\script\UI_guangdong_integrity\tools\logUtil.py DEBUG [test_Default_condition_query_14--02 默认条件查询--14 在职人员查询]
2021-12-20 11:53:07,930 G:\pycharm\script\UI_guangdong_integrity\tools\logUtil.py DEBUG [test_Default_condition_query_15--02 默认条件查询--15 离职人员查询]
2021-12-20 11:53:13,278 G:\pycharm\script\UI_guangdong_integrity\tools\logUtil.py DEBUG [test_Default_condition_query_16--02 默认条件查询--16 在职/离职执业证查询]
2021-12-20 11:53:18,614 G:\pycharm\script\UI_guangdong_integrity\tools\logUtil.py DEBUG [test_Default_condition_query_17--02 默认条件查询--17 各类人数汇总统计-人员属性汇总统计]
2021-12-20 11:53:24,537 G:\pycharm\script\UI_guangdong_integrity\tools\logUtil.py DEBUG [test_Default_condition_query_18--02 默认条件查询--18 各类人数汇总统计-人员属性统计]
2021-12-20 11:53:30,615 G:\pycharm\script\UI_guangdong_integrity\tools\logUtil.py DEBUG [test_Default_condition_query_19--02 默认条件查询--19 从业时长汇总统计]
2021-12-20 11:53:35,898 G:\pycharm\script\UI_guangdong_integrity\tools\logUtil.py DEBUG [test_Default_condition_query_20--02 默认条件查询--20 人员流动汇总统计-离职人员去向汇总统计]
2021-12-20 11:53:41,675 G:\pycharm\script\UI_guangdong_integrity\tools\logUtil.py DEBUG [test_Default_condition_query_21--02 默认条件查询--21 人员流动汇总统计-入职人员来源汇总统计]
2021-12-20 11:53:47,664 G:\pycharm\script\UI_guangdong_integrity\tools\logUtil.py DEBUG [test_Default_condition_query_22--02 默认条件查询--22 人员流动汇总统计-离入职人员对比汇总统计]
2021-12-20 11:53:53,285 G:\pycharm\script\UI_guangdong_integrity\tools\logUtil.py DEBUG [test_Default_condition_query_23--02 默认条件查询--23 业务指标清单查询-]
2021-12-20 11:53:59,028 G:\pycharm\script\UI_guangdong_integrity\tools\logUtil.py DEBUG [test_Default_condition_query_24--02 默认条件查询--24 业务指标汇总查询]
2021-12-20 11:54:04,644 G:\pycharm\script\UI_guangdong_integrity\tools\logUtil.py DEBUG [test_Default_condition_query_25--02 默认条件查询--25 电子执业证统计]
2021-12-20 11:54:10,378 G:\pycharm\script\UI_guangdong_integrity\tools\logUtil.py DEBUG [test_Default_condition_query_26--02 默认条件查询--26 电子执业证明细]
2021-12-20 11:54:15,951 G:\pycharm\script\UI_guangdong_integrity\tools\logUtil.py DEBUG [test_Default_condition_query_27--02 默认条件查询--27 人员诚信级别分布]
2021-12-20 11:54:21,296 G:\pycharm\script\UI_guangdong_integrity\tools\logUtil.py DEBUG [test_Default_condition_query_28--02 默认条件查询--28 各类诚信行为统计-各类诚信行为汇总统计]
2021-12-20 11:54:27,030 G:\pycharm\script\UI_guangdong_integrity\tools\logUtil.py DEBUG [test_Default_condition_query_29--02 默认条件查询--29 各类诚信行为统计-各类诚信行为统计]
2021-12-20 11:54:32,757 G:\pycharm\script\UI_guangdong_integrity\tools\logUtil.py DEBUG [test_Default_condition_query_30--02 默认条件查询--30 诚信记录生效清单-诚信记录查询]
2021-12-20 11:54:35,695 G:\pycharm\script\UI_guangdong_integrity\tools\logUtil.py DEBUG [test_Default_condition_query_31--02 默认条件查询--31 诚信记录生效清单-造成经济损失人员]
2021-12-20 11:54:41,792 G:\pycharm\script\UI_guangdong_integrity\tools\logUtil.py DEBUG [test_Default_condition_query_32--02 默认条件查询--32 诚信记录生效清单-多次获评同一级别人员]
2021-12-20 11:54:47,896 G:\pycharm\script\UI_guangdong_integrity\tools\logUtil.py DEBUG [test_Default_condition_query_33--02 默认条件查询--33 诚信记录生效清单-连续12个月诚信行为]
2021-12-20 11:54:53,943 G:\pycharm\script\UI_guangdong_integrity\tools\logUtil.py DEBUG [test_Default_condition_query_34--02 默认条件查询--34 诚信记录生效清单-未达成执业培训要求]
2021-12-20 11:54:59,578 G:\pycharm\script\UI_guangdong_integrity\tools\logUtil.py DEBUG [test_Default_condition_query_35--02 默认条件查询--35 被解约人员查询]
2021-12-20 11:55:05,086 G:\pycharm\script\UI_guangdong_integrity\tools\logUtil.py DEBUG [test_Default_condition_query_36--02 默认条件查询--36 被解约人员统计-汇总统计]
2021-12-20 11:55:10,825 G:\pycharm\script\UI_guangdong_integrity\tools\logUtil.py DEBUG [test_Default_condition_query_37--02 默认条件查询--37 被解约人员统计-被解约统计]
2021-12-20 11:55:16,573 G:\pycharm\script\UI_guangdong_integrity\tools\logUtil.py DEBUG [test_Default_condition_query_38--02 默认条件查询--38 逾期办理离职申诉管理]
2021-12-20 11:55:21,848 G:\pycharm\script\UI_guangdong_integrity\tools\logUtil.py DEBUG [test_Default_condition_query_39--02 默认条件查询--39 逾期离职申诉统计]
2021-12-20 11:55:26,081 G:\pycharm\script\UI_guangdong_integrity\tools\logUtil.py DEBUG [test_Default_condition_query_40--02 默认条件查询--40 账号登录次数]
2021-12-20 11:55:31,376 G:\pycharm\script\UI_guangdong_integrity\tools\logUtil.py DEBUG [test_Default_condition_query_41--02 默认条件查询--41 个人信息查询人次]
2021-12-20 11:55:36,640 G:\pycharm\script\UI_guangdong_integrity\tools\logUtil.py DEBUG [test_Default_condition_query_42--02 默认条件查询--42 诚信级别查询次数]
2021-12-20 11:55:41,902 G:\pycharm\script\UI_guangdong_integrity\tools\logUtil.py DEBUG [test_Default_condition_query_43--02 默认条件查询--43 电子执业证使用次数]
2021-12-20 13:24:19,323 G:\pycharm\script\UI_guangdong_integrity\tools\logUtil.py DEBUG [test_Default_condition_query_30--02 默认条件查询--30 诚信记录生效清单-诚信记录查询]
2021-12-20 13:25:52,291 G:\pycharm\script\UI_guangdong_integrity\tools\logUtil.py DEBUG [test_OD_inquire_01--01 个信息查询--01 单个查询:在职-身份证]
2021-12-20 13:26:01,550 G:\pycharm\script\UI_guangdong_integrity\tools\logUtil.py DEBUG [test_OD_inquire_02--01 个信息查询--02 单个查询:在职-其他]
2021-12-20 13:26:10,879 G:\pycharm\script\UI_guangdong_integrity\tools\logUtil.py DEBUG [test_OD_inquire_03--01 个信息查询--03 单个查询:离职-身份证]
2021-12-20 13:26:20,277 G:\pycharm\script\UI_guangdong_integrity\tools\logUtil.py DEBUG [test_OD_inquire_04--01 个信息查询--04 单个查询:离职-其他]
2021-12-20 13:26:29,587 G:\pycharm\script\UI_guangdong_integrity\tools\logUtil.py DEBUG [test_Batch_query_Reset_01--01 个信息查询--05 批量查询:所有类型数据]
2021-12-20 13:26:34,501 G:\pycharm\script\UI_guangdong_integrity\tools\logUtil.py DEBUG [test_import_query_02--01 个信息查询--06 导入查询]
2021-12-20 13:26:39,400 G:\pycharm\script\UI_guangdong_integrity\tools\logUtil.py DEBUG [test_Default_condition_query_01--02 默认条件查询--01 在职人员管理]
2021-12-20 13:26:44,828 G:\pycharm\script\UI_guangdong_integrity\tools\logUtil.py DEBUG [test_Default_condition_query_02--02 默认条件查询--02 离职人员管理]
2021-12-20 13:26:51,347 G:\pycharm\script\UI_guangdong_integrity\tools\logUtil.py DEBUG [test_Default_condition_query_03--02 默认条件查询--03 执业证导入追踪]
2021-12-20 13:27:01,744 G:\pycharm\script\UI_guangdong_integrity\tools\logUtil.py DEBUG [test_Default_condition_query_04--02 默认条件查询--04 培训记录状态-诚信记录]
2021-12-20 13:27:07,515 G:\pycharm\script\UI_guangdong_integrity\tools\logUtil.py DEBUG [test_Default_condition_query_05--02 默认条件查询--05 培训记录状态-导入记录]
2021-12-20 13:27:13,225 G:\pycharm\script\UI_guangdong_integrity\tools\logUtil.py DEBUG [test_Default_condition_query_06--02 默认条件查询--06 我的待处理]
2021-12-20 13:27:18,894 G:\pycharm\script\UI_guangdong_integrity\tools\logUtil.py DEBUG [test_Default_condition_query_07--02 默认条件查询--07 我的已处理未生效件]
2021-12-20 13:27:24,240 G:\pycharm\script\UI_guangdong_integrity\tools\logUtil.py DEBUG [test_Default_condition_query_08--02 默认条件查询--08 我的已生效件]
2021-12-20 13:27:29,525 G:\pycharm\script\UI_guangdong_integrity\tools\logUtil.py DEBUG [test_Default_condition_query_09--02 默认条件查询--09 人员流动统计-人员流动统计]
2021-12-20 13:27:35,577 G:\pycharm\script\UI_guangdong_integrity\tools\logUtil.py DEBUG [test_Default_condition_query_10--02 默认条件查询--10 人员流动统计-入职人员来源统计]
2021-12-20 13:27:41,826 G:\pycharm\script\UI_guangdong_integrity\tools\logUtil.py DEBUG [test_Default_condition_query_11--02 默认条件查询--11 人员流动统计-离职人员去向统计]
2021-12-20 13:27:48,067 G:\pycharm\script\UI_guangdong_integrity\tools\logUtil.py DEBUG [test_Default_condition_query_12--02 默认条件查询--12 人员流动统计-离入职人员对比统计]
2021-12-20 13:27:53,939 G:\pycharm\script\UI_guangdong_integrity\tools\logUtil.py DEBUG [test_Default_condition_query_13--02 默认条件查询--13 入职人员查询]
2021-12-20 13:27:59,364 G:\pycharm\script\UI_guangdong_integrity\tools\logUtil.py DEBUG [test_Default_condition_query_14--02 默认条件查询--14 在职人员查询]
2021-12-20 13:28:04,760 G:\pycharm\script\UI_guangdong_integrity\tools\logUtil.py DEBUG [test_Default_condition_query_15--02 默认条件查询--15 离职人员查询]
2021-12-20 13:28:10,251 G:\pycharm\script\UI_guangdong_integrity\tools\logUtil.py DEBUG [test_Default_condition_query_16--02 默认条件查询--16 在职/离职执业证查询]
2021-12-20 13:28:15,697 G:\pycharm\script\UI_guangdong_integrity\tools\logUtil.py DEBUG [test_Default_condition_query_17--02 默认条件查询--17 各类人数汇总统计-人员属性汇总统计]
2021-12-20 13:28:21,414 G:\pycharm\script\UI_guangdong_integrity\tools\logUtil.py DEBUG [test_Default_condition_query_18--02 默认条件查询--18 各类人数汇总统计-人员属性统计]
2021-12-20 13:28:27,082 G:\pycharm\script\UI_guangdong_integrity\tools\logUtil.py DEBUG [test_Default_condition_query_19--02 默认条件查询--19 从业时长汇总统计]
2021-12-20 13:28:32,394 G:\pycharm\script\UI_guangdong_integrity\tools\logUtil.py DEBUG [test_Default_condition_query_20--02 默认条件查询--20 人员流动汇总统计-离职人员去向汇总统计]
2021-12-20 13:28:38,141 G:\pycharm\script\UI_guangdong_integrity\tools\logUtil.py DEBUG [test_Default_condition_query_21--02 默认条件查询--21 人员流动汇总统计-入职人员来源汇总统计]
2021-12-20 13:28:44,168 G:\pycharm\script\UI_guangdong_integrity\tools\logUtil.py DEBUG [test_Default_condition_query_22--02 默认条件查询--22 人员流动汇总统计-离入职人员对比汇总统计]
2021-12-20 13:28:49,839 G:\pycharm\script\UI_guangdong_integrity\tools\logUtil.py DEBUG [test_Default_condition_query_23--02 默认条件查询--23 业务指标清单查询-]
2021-12-20 13:28:55,610 G:\pycharm\script\UI_guangdong_integrity\tools\logUtil.py DEBUG [test_Default_condition_query_24--02 默认条件查询--24 业务指标汇总查询]
2021-12-20 13:29:01,298 G:\pycharm\script\UI_guangdong_integrity\tools\logUtil.py DEBUG [test_Default_condition_query_25--02 默认条件查询--25 电子执业证统计]
2021-12-20 13:29:07,010 G:\pycharm\script\UI_guangdong_integrity\tools\logUtil.py DEBUG [test_Default_condition_query_26--02 默认条件查询--26 电子执业证明细]
2021-12-20 13:29:12,644 G:\pycharm\script\UI_guangdong_integrity\tools\logUtil.py DEBUG [test_Default_condition_query_27--02 默认条件查询--27 人员诚信级别分布]
2021-12-20 13:29:18,012 G:\pycharm\script\UI_guangdong_integrity\tools\logUtil.py DEBUG [test_Default_condition_query_28--02 默认条件查询--28 各类诚信行为统计-各类诚信行为汇总统计]
2021-12-20 13:29:23,813 G:\pycharm\script\UI_guangdong_integrity\tools\logUtil.py DEBUG [test_Default_condition_query_29--02 默认条件查询--29 各类诚信行为统计-各类诚信行为统计]
2021-12-20 13:29:29,593 G:\pycharm\script\UI_guangdong_integrity\tools\logUtil.py DEBUG [test_Default_condition_query_30--02 默认条件查询--30 诚信记录生效清单-诚信记录查询]
2021-12-20 13:29:32,676 G:\pycharm\script\UI_guangdong_integrity\tools\logUtil.py DEBUG [test_Default_condition_query_31--02 默认条件查询--31 诚信记录生效清单-造成经济损失人员]
2021-12-20 13:29:38,771 G:\pycharm\script\UI_guangdong_integrity\tools\logUtil.py DEBUG [test_Default_condition_query_32--02 默认条件查询--32 诚信记录生效清单-多次获评同一级别人员]
2021-12-20 13:29:44,806 G:\pycharm\script\UI_guangdong_integrity\tools\logUtil.py DEBUG [test_Default_condition_query_33--02 默认条件查询--33 诚信记录生效清单-连续12个月诚信行为]
2021-12-20 13:29:50,879 G:\pycharm\script\UI_guangdong_integrity\tools\logUtil.py DEBUG [test_Default_condition_query_34--02 默认条件查询--34 诚信记录生效清单-未达成执业培训要求]
2021-12-20 13:29:56,568 G:\pycharm\script\UI_guangdong_integrity\tools\logUtil.py DEBUG [test_Default_condition_query_35--02 默认条件查询--35 被解约人员查询]
2021-12-20 13:30:01,968 G:\pycharm\script\UI_guangdong_integrity\tools\logUtil.py DEBUG [test_Default_condition_query_36--02 默认条件查询--36 被解约人员统计-汇总统计]
2021-12-20 13:30:07,692 G:\pycharm\script\UI_guangdong_integrity\tools\logUtil.py DEBUG [test_Default_condition_query_37--02 默认条件查询--37 被解约人员统计-被解约统计]
2021-12-20 13:30:13,467 G:\pycharm\script\UI_guangdong_integrity\tools\logUtil.py DEBUG [test_Default_condition_query_38--02 默认条件查询--38 逾期办理离职申诉管理]
2021-12-20 13:30:18,799 G:\pycharm\script\UI_guangdong_integrity\tools\logUtil.py DEBUG [test_Default_condition_query_39--02 默认条件查询--39 逾期离职申诉统计]
2021-12-20 13:30:23,094 G:\pycharm\script\UI_guangdong_integrity\tools\logUtil.py DEBUG [test_Default_condition_query_40--02 默认条件查询--40 账号登录次数]
2021-12-20 13:30:28,424 G:\pycharm\script\UI_guangdong_integrity\tools\logUtil.py DEBUG [test_Default_condition_query_41--02 默认条件查询--41 个人信息查询人次]
2021-12-20 13:30:33,761 G:\pycharm\script\UI_guangdong_integrity\tools\logUtil.py DEBUG [test_Default_condition_query_42--02 默认条件查询--42 诚信级别查询次数]
2021-12-20 13:30:39,062 G:\pycharm\script\UI_guangdong_integrity\tools\logUtil.py DEBUG [test_Default_condition_query_43--02 默认条件查询--43 电子执业证使用次数]
2021-12-20 13:33:13,707 G:\pycharm\script\UI_guangdong_integrity\tools\logUtil.py DEBUG [test_OD_inquire_01--01 个信息查询--01 单个查询:在职-身份证]
2021-12-20 13:33:23,029 G:\pycharm\script\UI_guangdong_integrity\tools\logUtil.py DEBUG [test_OD_inquire_02--01 个信息查询--02 单个查询:在职-其他]
2021-12-20 13:33:32,310 G:\pycharm\script\UI_guangdong_integrity\tools\logUtil.py DEBUG [test_OD_inquire_03--01 个信息查询--03 单个查询:离职-身份证]
2021-12-20 13:33:41,658 G:\pycharm\script\UI_guangdong_integrity\tools\logUtil.py DEBUG [test_OD_inquire_04--01 个信息查询--04 单个查询:离职-其他]
2021-12-20 13:34:00,336 G:\pycharm\script\UI_guangdong_integrity\tools\logUtil.py DEBUG [test_Batch_query_Reset_01--01 个信息查询--05 批量查询:所有类型数据]
2021-12-20 13:34:05,167 G:\pycharm\script\UI_guangdong_integrity\tools\logUtil.py DEBUG [test_import_query_02--01 个信息查询--06 导入查询]
2021-12-20 13:34:10,074 G:\pycharm\script\UI_guangdong_integrity\tools\logUtil.py DEBUG [test_Default_condition_query_01--02 默认条件查询--01 在职人员管理]
2021-12-20 13:34:15,513 G:\pycharm\script\UI_guangdong_integrity\tools\logUtil.py DEBUG [test_Default_condition_query_02--02 默认条件查询--02 离职人员管理]
2021-12-20 13:34:21,975 G:\pycharm\script\UI_guangdong_integrity\tools\logUtil.py DEBUG [test_Default_condition_query_03--02 默认条件查询--03 执业证导入追踪]
2021-12-20 13:34:32,396 G:\pycharm\script\UI_guangdong_integrity\tools\logUtil.py DEBUG [test_Default_condition_query_04--02 默认条件查询--04 培训记录状态-诚信记录]
2021-12-20 13:34:38,401 G:\pycharm\script\UI_guangdong_integrity\tools\logUtil.py DEBUG [test_Default_condition_query_05--02 默认条件查询--05 培训记录状态-导入记录]
2021-12-20 13:34:44,166 G:\pycharm\script\UI_guangdong_integrity\tools\logUtil.py DEBUG [test_Default_condition_query_06--02 默认条件查询--06 我的待处理]
2021-12-20 13:34:49,893 G:\pycharm\script\UI_guangdong_integrity\tools\logUtil.py DEBUG [test_Default_condition_query_07--02 默认条件查询--07 我的已处理未生效件]
2021-12-20 13:34:55,261 G:\pycharm\script\UI_guangdong_integrity\tools\logUtil.py DEBUG [test_Default_condition_query_08--02 默认条件查询--08 我的已生效件]
2021-12-20 13:35:00,613 G:\pycharm\script\UI_guangdong_integrity\tools\logUtil.py DEBUG [test_Default_condition_query_09--02 默认条件查询--09 人员流动统计-人员流动统计]
2021-12-20 13:35:07,132 G:\pycharm\script\UI_guangdong_integrity\tools\logUtil.py DEBUG [test_Default_condition_query_10--02 默认条件查询--10 人员流动统计-入职人员来源统计]
2021-12-20 13:35:13,899 G:\pycharm\script\UI_guangdong_integrity\tools\logUtil.py DEBUG [test_Default_condition_query_11--02 默认条件查询--11 人员流动统计-离职人员去向统计]
2021-12-20 13:35:20,393 G:\pycharm\script\UI_guangdong_integrity\tools\logUtil.py DEBUG [test_Default_condition_query_12--02 默认条件查询--12 人员流动统计-离入职人员对比统计]
2021-12-20 13:35:26,405 G:\pycharm\script\UI_guangdong_integrity\tools\logUtil.py DEBUG [test_Default_condition_query_13--02 默认条件查询--13 入职人员查询]
2021-12-20 13:35:31,913 G:\pycharm\script\UI_guangdong_integrity\tools\logUtil.py DEBUG [test_Default_condition_query_14--02 默认条件查询--14 在职人员查询]
2021-12-20 13:35:37,359 G:\pycharm\script\UI_guangdong_integrity\tools\logUtil.py DEBUG [test_Default_condition_query_15--02 默认条件查询--15 离职人员查询]
2021-12-20 13:35:42,767 G:\pycharm\script\UI_guangdong_integrity\tools\logUtil.py DEBUG [test_Default_condition_query_16--02 默认条件查询--16 在职/离职执业证查询]
2021-12-20 13:35:48,183 G:\pycharm\script\UI_guangdong_integrity\tools\logUtil.py DEBUG [test_Default_condition_query_17--02 默认条件查询--17 各类人数汇总统计-人员属性汇总统计]
2021-12-20 13:35:53,921 G:\pycharm\script\UI_guangdong_integrity\tools\logUtil.py DEBUG [test_Default_condition_query_18--02 默认条件查询--18 各类人数汇总统计-人员属性统计]
2021-12-20 13:35:59,567 G:\pycharm\script\UI_guangdong_integrity\tools\logUtil.py DEBUG [test_Default_condition_query_19--02 默认条件查询--19 从业时长汇总统计]
2021-12-20 13:36:04,894 G:\pycharm\script\UI_guangdong_integrity\tools\logUtil.py DEBUG [test_Default_condition_query_20--02 默认条件查询--20 人员流动汇总统计-离职人员去向汇总统计]
2021-12-20 13:36:10,611 G:\pycharm\script\UI_guangdong_integrity\tools\logUtil.py DEBUG [test_Default_condition_query_21--02 默认条件查询--21 人员流动汇总统计-入职人员来源汇总统计]
2021-12-20 13:36:16,543 G:\pycharm\script\UI_guangdong_integrity\tools\logUtil.py DEBUG [test_Default_condition_query_22--02 默认条件查询--22 人员流动汇总统计-离入职人员对比汇总统计]
2021-12-20 13:36:22,176 G:\pycharm\script\UI_guangdong_integrity\tools\logUtil.py DEBUG [test_Default_condition_query_23--02 默认条件查询--23 业务指标清单查询-]
2021-12-20 13:36:27,920 G:\pycharm\script\UI_guangdong_integrity\tools\logUtil.py DEBUG [test_Default_condition_query_24--02 默认条件查询--24 业务指标汇总查询]
2021-12-20 13:36:33,548 G:\pycharm\script\UI_guangdong_integrity\tools\logUtil.py DEBUG [test_Default_condition_query_25--02 默认条件查询--25 电子执业证统计]
2021-12-20 13:36:39,308 G:\pycharm\script\UI_guangdong_integrity\tools\logUtil.py DEBUG [test_Default_condition_query_26--02 默认条件查询--26 电子执业证明细]
2021-12-20 13:36:44,891 G:\pycharm\script\UI_guangdong_integrity\tools\logUtil.py DEBUG [test_Default_condition_query_27--02 默认条件查询--27 人员诚信级别分布]
2021-12-20 13:36:50,267 G:\pycharm\script\UI_guangdong_integrity\tools\logUtil.py DEBUG [test_Default_condition_query_28--02 默认条件查询--28 各类诚信行为统计-各类诚信行为汇总统计]
2021-12-20 13:36:55,952 G:\pycharm\script\UI_guangdong_integrity\tools\logUtil.py DEBUG [test_Default_condition_query_29--02 默认条件查询--29 各类诚信行为统计-各类诚信行为统计]
2021-12-20 13:37:01,642 G:\pycharm\script\UI_guangdong_integrity\tools\logUtil.py DEBUG [test_Default_condition_query_30--02 默认条件查询--30 诚信记录生效清单-诚信记录查询]
2021-12-20 13:37:04,577 G:\pycharm\script\UI_guangdong_integrity\tools\logUtil.py DEBUG [test_Default_condition_query_31--02 默认条件查询--31 诚信记录生效清单-造成经济损失人员]
2021-12-20 13:37:10,738 G:\pycharm\script\UI_guangdong_integrity\tools\logUtil.py DEBUG [test_Default_condition_query_32--02 默认条件查询--32 诚信记录生效清单-多次获评同一级别人员]
2021-12-20 13:37:16,970 G:\pycharm\script\UI_guangdong_integrity\tools\logUtil.py DEBUG [test_Default_condition_query_33--02 默认条件查询--33 诚信记录生效清单-连续12个月诚信行为]
2021-12-20 13:37:23,419 G:\pycharm\script\UI_guangdong_integrity\tools\logUtil.py DEBUG [test_Default_condition_query_34--02 默认条件查询--34 诚信记录生效清单-未达成执业培训要求]
2021-12-20 13:37:30,697 G:\pycharm\script\UI_guangdong_integrity\tools\logUtil.py DEBUG [test_Default_condition_query_35--02 默认条件查询--35 被解约人员查询]
2021-12-20 13:37:36,075 G:\pycharm\script\UI_guangdong_integrity\tools\logUtil.py DEBUG [test_Default_condition_query_36--02 默认条件查询--36 被解约人员统计-汇总统计]
2021-12-20 13:37:41,902 G:\pycharm\script\UI_guangdong_integrity\tools\logUtil.py DEBUG [test_Default_condition_query_37--02 默认条件查询--37 被解约人员统计-被解约统计]
2021-12-20 13:37:47,659 G:\pycharm\script\UI_guangdong_integrity\tools\logUtil.py DEBUG [test_Default_condition_query_38--02 默认条件查询--38 逾期办理离职申诉管理]
2021-12-20 13:37:52,976 G:\pycharm\script\UI_guangdong_integrity\tools\logUtil.py DEBUG [test_Default_condition_query_39--02 默认条件查询--39 逾期离职申诉统计]
2021-12-20 13:37:57,260 G:\pycharm\script\UI_guangdong_integrity\tools\logUtil.py DEBUG [test_Default_condition_query_40--02 默认条件查询--40 账号登录次数]
2021-12-20 13:38:02,559 G:\pycharm\script\UI_guangdong_integrity\tools\logUtil.py DEBUG [test_Default_condition_query_41--02 默认条件查询--41 个人信息查询人次]
2021-12-20 13:38:07,870 G:\pycharm\script\UI_guangdong_integrity\tools\logUtil.py DEBUG [test_Default_condition_query_42--02 默认条件查询--42 诚信级别查询次数]
2021-12-20 13:38:13,193 G:\pycharm\script\UI_guangdong_integrity\tools\logUtil.py DEBUG [test_Default_condition_query_43--02 默认条件查询--43 电子执业证使用次数]
2021-12-20 13:40:51,514 G:\pycharm\script\UI_guangdong_integrity\tools\logUtil.py DEBUG [test_OD_inquire_01--01 个信息查询--01 单个查询:在职-身份证]
2021-12-20 13:41:00,910 G:\pycharm\script\UI_guangdong_integrity\tools\logUtil.py DEBUG [test_OD_inquire_02--01 个信息查询--02 单个查询:在职-其他]
2021-12-20 13:41:10,133 G:\pycharm\script\UI_guangdong_integrity\tools\logUtil.py DEBUG [test_OD_inquire_03--01 个信息查询--03 单个查询:离职-身份证]
2021-12-20 13:41:19,844 G:\pycharm\script\UI_guangdong_integrity\tools\logUtil.py DEBUG [test_OD_inquire_04--01 个信息查询--04 单个查询:离职-其他]
2021-12-20 13:41:29,161 G:\pycharm\script\UI_guangdong_integrity\tools\logUtil.py DEBUG [test_Batch_query_Reset_01--01 个信息查询--05 批量查询:所有类型数据]
2021-12-20 13:41:33,872 G:\pycharm\script\UI_guangdong_integrity\tools\logUtil.py DEBUG [test_import_query_02--01 个信息查询--06 导入查询]
2021-12-20 13:42:48,221 G:\pycharm\script\UI_guangdong_integrity\tools\logUtil.py DEBUG [test_OD_inquire_01--01 个信息查询--01 单个查询:在职-身份证]
2021-12-20 13:42:58,155 G:\pycharm\script\UI_guangdong_integrity\tools\logUtil.py DEBUG [test_OD_inquire_02--01 个信息查询--02 单个查询:在职-其他]
2021-12-20 13:43:08,050 G:\pycharm\script\UI_guangdong_integrity\tools\logUtil.py DEBUG [test_OD_inquire_03--01 个信息查询--03 单个查询:离职-身份证]
2021-12-20 13:43:17,909 G:\pycharm\script\UI_guangdong_integrity\tools\logUtil.py DEBUG [test_OD_inquire_04--01 个信息查询--04 单个查询:离职-其他]
2021-12-20 13:43:27,832 G:\pycharm\script\UI_guangdong_integrity\tools\logUtil.py DEBUG [test_Batch_query_Reset_01--01 个信息查询--05 批量查询:所有类型数据]
2021-12-20 13:43:32,721 G:\pycharm\script\UI_guangdong_integrity\tools\logUtil.py DEBUG [test_import_query_02--01 个信息查询--06 导入查询]
2021-12-20 13:45:25,299 G:\pycharm\script\UI_guangdong_integrity\tools\logUtil.py DEBUG [test_Default_condition_query_30--02 默认条件查询--30 诚信记录生效清单-诚信记录查询]
2021-12-20 13:46:37,383 G:\pycharm\script\UI_guangdong_integrity\tools\logUtil.py DEBUG [test_OD_inquire_01--01 个信息查询--01 单个查询:在职-身份证]
2021-12-20 13:46:47,188 G:\pycharm\script\UI_guangdong_integrity\tools\logUtil.py DEBUG [test_OD_inquire_02--01 个信息查询--02 单个查询:在职-其他]
2021-12-20 13:46:57,843 G:\pycharm\script\UI_guangdong_integrity\tools\logUtil.py DEBUG [test_OD_inquire_03--01 个信息查询--03 单个查询:离职-身份证]
2021-12-20 13:47:08,361 G:\pycharm\script\UI_guangdong_integrity\tools\logUtil.py DEBUG [test_OD_inquire_04--01 个信息查询--04 单个查询:离职-其他]
2021-12-20 13:47:18,463 G:\pycharm\script\UI_guangdong_integrity\tools\logUtil.py DEBUG [test_Batch_query_Reset_01--01 个信息查询--05 批量查询:所有类型数据]
2021-12-20 13:47:23,807 G:\pycharm\script\UI_guangdong_integrity\tools\logUtil.py DEBUG [test_import_query_02--01 个信息查询--06 导入查询]
2021-12-20 13:47:28,910 G:\pycharm\script\UI_guangdong_integrity\tools\logUtil.py DEBUG [test_Default_condition_query_01--02 默认条件查询--01 在职人员管理]
2021-12-20 13:47:34,376 G:\pycharm\script\UI_guangdong_integrity\tools\logUtil.py DEBUG [test_Default_condition_query_02--02 默认条件查询--02 离职人员管理]
2021-12-20 13:47:41,026 G:\pycharm\script\UI_guangdong_integrity\tools\logUtil.py DEBUG [test_Default_condition_query_03--02 默认条件查询--03 执业证导入追踪]
2021-12-20 13:47:51,497 G:\pycharm\script\UI_guangdong_integrity\tools\logUtil.py DEBUG [test_Default_condition_query_04--02 默认条件查询--04 培训记录状态-诚信记录]
2021-12-20 13:47:57,619 G:\pycharm\script\UI_guangdong_integrity\tools\logUtil.py DEBUG [test_Default_condition_query_05--02 默认条件查询--05 培训记录状态-导入记录]
2021-12-20 13:48:03,337 G:\pycharm\script\UI_guangdong_integrity\tools\logUtil.py DEBUG [test_Default_condition_query_06--02 默认条件查询--06 我的待处理]
2021-12-20 13:48:09,060 G:\pycharm\script\UI_guangdong_integrity\tools\logUtil.py DEBUG [test_Default_condition_query_07--02 默认条件查询--07 我的已处理未生效件]
2021-12-20 13:48:14,437 G:\pycharm\script\UI_guangdong_integrity\tools\logUtil.py DEBUG [test_Default_condition_query_08--02 默认条件查询--08 我的已生效件]
2021-12-20 13:48:19,734 G:\pycharm\script\UI_guangdong_integrity\tools\logUtil.py DEBUG [test_Default_condition_query_09--02 默认条件查询--09 人员流动统计-人员流动统计]
2021-12-20 13:48:26,065 G:\pycharm\script\UI_guangdong_integrity\tools\logUtil.py DEBUG [test_Default_condition_query_10--02 默认条件查询--10 人员流动统计-入职人员来源统计]
2021-12-20 13:48:32,564 G:\pycharm\script\UI_guangdong_integrity\tools\logUtil.py DEBUG [test_Default_condition_query_11--02 默认条件查询--11 人员流动统计-离职人员去向统计]
2021-12-20 13:48:39,302 G:\pycharm\script\UI_guangdong_integrity\tools\logUtil.py DEBUG [test_Default_condition_query_12--02 默认条件查询--12 人员流动统计-离入职人员对比统计]
2021-12-20 13:48:45,629 G:\pycharm\script\UI_guangdong_integrity\tools\logUtil.py DEBUG [test_Default_condition_query_13--02 默认条件查询--13 入职人员查询]
2021-12-20 13:48:51,129 G:\pycharm\script\UI_guangdong_integrity\tools\logUtil.py DEBUG [test_Default_condition_query_14--02 默认条件查询--14 在职人员查询]
2021-12-20 13:48:56,653 G:\pycharm\script\UI_guangdong_integrity\tools\logUtil.py DEBUG [test_Default_condition_query_15--02 默认条件查询--15 离职人员查询]
2021-12-20 13:49:02,176 G:\pycharm\script\UI_guangdong_integrity\tools\logUtil.py DEBUG [test_Default_condition_query_16--02 默认条件查询--16 在职/离职执业证查询]
2021-12-20 13:49:07,779 G:\pycharm\script\UI_guangdong_integrity\tools\logUtil.py DEBUG [test_Default_condition_query_17--02 默认条件查询--17 各类人数汇总统计-人员属性汇总统计]
2021-12-20 13:49:13,904 G:\pycharm\script\UI_guangdong_integrity\tools\logUtil.py DEBUG [test_Default_condition_query_18--02 默认条件查询--18 各类人数汇总统计-人员属性统计]
2021-12-20 13:49:19,928 G:\pycharm\script\UI_guangdong_integrity\tools\logUtil.py DEBUG [test_Default_condition_query_19--02 默认条件查询--19 从业时长汇总统计]
2021-12-20 13:49:25,352 G:\pycharm\script\UI_guangdong_integrity\tools\logUtil.py DEBUG [test_Default_condition_query_20--02 默认条件查询--20 人员流动汇总统计-离职人员去向汇总统计]
2021-12-20 13:49:31,397 G:\pycharm\script\UI_guangdong_integrity\tools\logUtil.py DEBUG [test_Default_condition_query_21--02 默认条件查询--21 人员流动汇总统计-入职人员来源汇总统计]
2021-12-20 13:49:37,516 G:\pycharm\script\UI_guangdong_integrity\tools\logUtil.py DEBUG [test_Default_condition_query_22--02 默认条件查询--22 人员流动汇总统计-离入职人员对比汇总统计]
2021-12-20 13:49:43,191 G:\pycharm\script\UI_guangdong_integrity\tools\logUtil.py DEBUG [test_Default_condition_query_23--02 默认条件查询--23 业务指标清单查询-]
2021-12-20 13:49:48,959 G:\pycharm\script\UI_guangdong_integrity\tools\logUtil.py DEBUG [test_Default_condition_query_24--02 默认条件查询--24 业务指标汇总查询]
2021-12-20 13:49:54,586 G:\pycharm\script\UI_guangdong_integrity\tools\logUtil.py DEBUG [test_Default_condition_query_25--02 默认条件查询--25 电子执业证统计]
2021-12-20 13:50:00,316 G:\pycharm\script\UI_guangdong_integrity\tools\logUtil.py DEBUG [test_Default_condition_query_26--02 默认条件查询--26 电子执业证明细]
2021-12-20 13:50:05,951 G:\pycharm\script\UI_guangdong_integrity\tools\logUtil.py DEBUG [test_Default_condition_query_27--02 默认条件查询--27 人员诚信级别分布]
2021-12-20 13:50:11,344 G:\pycharm\script\UI_guangdong_integrity\tools\logUtil.py DEBUG [test_Default_condition_query_28--02 默认条件查询--28 各类诚信行为统计-各类诚信行为汇总统计]
2021-12-20 13:50:17,338 G:\pycharm\script\UI_guangdong_integrity\tools\logUtil.py DEBUG [test_Default_condition_query_29--02 默认条件查询--29 各类诚信行为统计-各类诚信行为统计]
2021-12-20 13:50:23,171 G:\pycharm\script\UI_guangdong_integrity\tools\logUtil.py DEBUG [test_Default_condition_query_30--02 默认条件查询--30 诚信记录生效清单-诚信记录查询]
2021-12-20 13:50:25,984 G:\pycharm\script\UI_guangdong_integrity\tools\logUtil.py DEBUG [test_Default_condition_query_31--02 默认条件查询--31 诚信记录生效清单-造成经济损失人员]
2021-12-20 13:50:32,061 G:\pycharm\script\UI_guangdong_integrity\tools\logUtil.py DEBUG [test_Default_condition_query_32--02 默认条件查询--32 诚信记录生效清单-多次获评同一级别人员]
2021-12-20 13:50:38,191 G:\pycharm\script\UI_guangdong_integrity\tools\logUtil.py DEBUG [test_Default_condition_query_33--02 默认条件查询--33 诚信记录生效清单-连续12个月诚信行为]
2021-12-20 13:50:44,445 G:\pycharm\script\UI_guangdong_integrity\tools\logUtil.py DEBUG [test_Default_condition_query_34--02 默认条件查询--34 诚信记录生效清单-未达成执业培训要求]
2021-12-20 13:50:50,102 G:\pycharm\script\UI_guangdong_integrity\tools\logUtil.py DEBUG [test_Default_condition_query_35--02 默认条件查询--35 被解约人员查询]
2021-12-20 13:50:55,703 G:\pycharm\script\UI_guangdong_integrity\tools\logUtil.py DEBUG [test_Default_condition_query_36--02 默认条件查询--36 被解约人员统计-汇总统计]
2021-12-20 13:51:01,458 G:\pycharm\script\UI_guangdong_integrity\tools\logUtil.py DEBUG [test_Default_condition_query_37--02 默认条件查询--37 被解约人员统计-被解约统计]
2021-12-20 13:51:07,177 G:\pycharm\script\UI_guangdong_integrity\tools\logUtil.py DEBUG [test_Default_condition_query_38--02 默认条件查询--38 逾期办理离职申诉管理]
2021-12-20 13:51:12,533 G:\pycharm\script\UI_guangdong_integrity\tools\logUtil.py DEBUG [test_Default_condition_query_39--02 默认条件查询--39 逾期离职申诉统计]
2021-12-20 13:51:16,798 G:\pycharm\script\UI_guangdong_integrity\tools\logUtil.py DEBUG [test_Default_condition_query_40--02 默认条件查询--40 账号登录次数]
2021-12-20 13:51:22,108 G:\pycharm\script\UI_guangdong_integrity\tools\logUtil.py DEBUG [test_Default_condition_query_41--02 默认条件查询--41 个人信息查询人次]
2021-12-20 13:51:27,410 G:\pycharm\script\UI_guangdong_integrity\tools\logUtil.py DEBUG [test_Default_condition_query_42--02 默认条件查询--42 诚信级别查询次数]
2021-12-20 13:51:32,732 G:\pycharm\script\UI_guangdong_integrity\tools\logUtil.py DEBUG [test_Default_condition_query_43--02 默认条件查询--43 电子执业证使用次数]
2021-12-20 13:53:20,356 G:\pycharm\script\UI_guangdong_integrity\tools\logUtil.py DEBUG [test_OD_inquire_01--01 个信息查询--01 单个查询:在职-身份证]
2021-12-20 13:53:30,114 G:\pycharm\script\UI_guangdong_integrity\tools\logUtil.py DEBUG [test_OD_inquire_02--01 个信息查询--02 单个查询:在职-其他]
2021-12-20 13:53:39,840 G:\pycharm\script\UI_guangdong_integrity\tools\logUtil.py DEBUG [test_OD_inquire_03--01 个信息查询--03 单个查询:离职-身份证]
2021-12-20 13:53:49,575 G:\pycharm\script\UI_guangdong_integrity\tools\logUtil.py DEBUG [test_OD_inquire_04--01 个信息查询--04 单个查询:离职-其他]
2021-12-20 13:53:59,297 G:\pycharm\script\UI_guangdong_integrity\tools\logUtil.py DEBUG [test_Batch_query_Reset_01--01 个信息查询--05 批量查询:所有类型数据]
2021-12-20 13:54:03,975 G:\pycharm\script\UI_guangdong_integrity\tools\logUtil.py DEBUG [test_import_query_02--01 个信息查询--06 导入查询]
2021-12-20 13:54:08,711 G:\pycharm\script\UI_guangdong_integrity\tools\logUtil.py DEBUG [test_Default_condition_query_01--02 默认条件查询--01 在职人员管理]
2021-12-20 13:54:14,106 G:\pycharm\script\UI_guangdong_integrity\tools\logUtil.py DEBUG [test_Default_condition_query_02--02 默认条件查询--02 离职人员管理]
2021-12-20 13:54:20,514 G:\pycharm\script\UI_guangdong_integrity\tools\logUtil.py DEBUG [test_Default_condition_query_03--02 默认条件查询--03 执业证导入追踪]
2021-12-20 13:54:30,899 G:\pycharm\script\UI_guangdong_integrity\tools\logUtil.py DEBUG [test_Default_condition_query_04--02 默认条件查询--04 培训记录状态-诚信记录]
2021-12-20 13:54:36,653 G:\pycharm\script\UI_guangdong_integrity\tools\logUtil.py DEBUG [test_Default_condition_query_05--02 默认条件查询--05 培训记录状态-导入记录]
2021-12-20 13:54:42,288 G:\pycharm\script\UI_guangdong_integrity\tools\logUtil.py DEBUG [test_Default_condition_query_06--02 默认条件查询--06 我的待处理]
2021-12-20 13:54:47,948 G:\pycharm\script\UI_guangdong_integrity\tools\logUtil.py DEBUG [test_Default_condition_query_07--02 默认条件查询--07 我的已处理未生效件]
2021-12-20 13:54:53,274 G:\pycharm\script\UI_guangdong_integrity\tools\logUtil.py DEBUG [test_Default_condition_query_08--02 默认条件查询--08 我的已生效件]
2021-12-20 13:54:58,578 G:\pycharm\script\UI_guangdong_integrity\tools\logUtil.py DEBUG [test_Default_condition_query_09--02 默认条件查询--09 人员流动统计-人员流动统计]
2021-12-20 13:55:04,597 G:\pycharm\script\UI_guangdong_integrity\tools\logUtil.py DEBUG [test_Default_condition_query_10--02 默认条件查询--10 人员流动统计-入职人员来源统计]
2021-12-20 13:55:10,904 G:\pycharm\script\UI_guangdong_integrity\tools\logUtil.py DEBUG [test_Default_condition_query_11--02 默认条件查询--11 人员流动统计-离职人员去向统计]
2021-12-20 13:55:17,110 G:\pycharm\script\UI_guangdong_integrity\tools\logUtil.py DEBUG [test_Default_condition_query_12--02 默认条件查询--12 人员流动统计-离入职人员对比统计]
2021-12-20 13:55:22,959 G:\pycharm\script\UI_guangdong_integrity\tools\logUtil.py DEBUG [test_Default_condition_query_13--02 默认条件查询--13 入职人员查询]
2021-12-20 13:55:28,329 G:\pycharm\script\UI_guangdong_integrity\tools\logUtil.py DEBUG [test_Default_condition_query_14--02 默认条件查询--14 在职人员查询]
2021-12-20 13:55:33,671 G:\pycharm\script\UI_guangdong_integrity\tools\logUtil.py DEBUG [test_Default_condition_query_15--02 默认条件查询--15 离职人员查询]
2021-12-20 13:55:39,036 G:\pycharm\script\UI_guangdong_integrity\tools\logUtil.py DEBUG [test_Default_condition_query_16--02 默认条件查询--16 在职/离职执业证查询]
2021-12-20 13:55:44,391 G:\pycharm\script\UI_guangdong_integrity\tools\logUtil.py DEBUG [test_Default_condition_query_17--02 默认条件查询--17 各类人数汇总统计-人员属性汇总统计]
2021-12-20 13:55:50,119 G:\pycharm\script\UI_guangdong_integrity\tools\logUtil.py DEBUG [test_Default_condition_query_18--02 默认条件查询--18 各类人数汇总统计-人员属性统计]
2021-12-20 13:55:55,735 G:\pycharm\script\UI_guangdong_integrity\tools\logUtil.py DEBUG [test_Default_condition_query_19--02 默认条件查询--19 从业时长汇总统计]
2021-12-20 13:56:01,035 G:\pycharm\script\UI_guangdong_integrity\tools\logUtil.py DEBUG [test_Default_condition_query_20--02 默认条件查询--20 人员流动汇总统计-离职人员去向汇总统计]
2021-12-20 13:56:06,883 G:\pycharm\script\UI_guangdong_integrity\tools\logUtil.py DEBUG [test_Default_condition_query_21--02 默认条件查询--21 人员流动汇总统计-入职人员来源汇总统计]
2021-12-20 13:56:12,858 G:\pycharm\script\UI_guangdong_integrity\tools\logUtil.py DEBUG [test_Default_condition_query_22--02 默认条件查询--22 人员流动汇总统计-离入职人员对比汇总统计]
2021-12-20 13:56:18,499 G:\pycharm\script\UI_guangdong_integrity\tools\logUtil.py DEBUG [test_Default_condition_query_23--02 默认条件查询--23 业务指标清单查询-]
2021-12-20 13:56:24,446 G:\pycharm\script\UI_guangdong_integrity\tools\logUtil.py DEBUG [test_Default_condition_query_24--02 默认条件查询--24 业务指标汇总查询]
2021-12-20 13:56:30,081 G:\pycharm\script\UI_guangdong_integrity\tools\logUtil.py DEBUG [test_Default_condition_query_25--02 默认条件查询--25 电子执业证统计]
2021-12-20 13:56:35,808 G:\pycharm\script\UI_guangdong_integrity\tools\logUtil.py DEBUG [test_Default_condition_query_26--02 默认条件查询--26 电子执业证明细]
2021-12-20 13:56:41,354 G:\pycharm\script\UI_guangdong_integrity\tools\logUtil.py DEBUG [test_Default_condition_query_27--02 默认条件查询--27 人员诚信级别分布]
2021-12-20 13:56:46,670 G:\pycharm\script\UI_guangdong_integrity\tools\logUtil.py DEBUG [test_Default_condition_query_28--02 默认条件查询--28 各类诚信行为统计-各类诚信行为汇总统计]
2021-12-20 13:56:52,370 G:\pycharm\script\UI_guangdong_integrity\tools\logUtil.py DEBUG [test_Default_condition_query_29--02 默认条件查询--29 各类诚信行为统计-各类诚信行为统计]
2021-12-20 13:56:58,114 G:\pycharm\script\UI_guangdong_integrity\tools\logUtil.py DEBUG [test_Default_condition_query_30--02 默认条件查询--30 诚信记录生效清单-诚信记录查询]
2021-12-20 13:57:01,043 G:\pycharm\script\UI_guangdong_integrity\tools\logUtil.py DEBUG [test_Default_condition_query_31--02 默认条件查询--31 诚信记录生效清单-造成经济损失人员]
2021-12-20 13:57:07,286 G:\pycharm\script\UI_guangdong_integrity\tools\logUtil.py DEBUG [test_Default_condition_query_32--02 默认条件查询--32 诚信记录生效清单-多次获评同一级别人员]
2021-12-20 13:57:13,199 G:\pycharm\script\UI_guangdong_integrity\tools\logUtil.py DEBUG [test_Default_condition_query_33--02 默认条件查询--33 诚信记录生效清单-连续12个月诚信行为]
2021-12-20 13:57:19,196 G:\pycharm\script\UI_guangdong_integrity\tools\logUtil.py DEBUG [test_Default_condition_query_34--02 默认条件查询--34 诚信记录生效清单-未达成执业培训要求]
2021-12-20 13:57:24,787 G:\pycharm\script\UI_guangdong_integrity\tools\logUtil.py DEBUG [test_Default_condition_query_35--02 默认条件查询--35 被解约人员查询]
2021-12-20 13:57:30,115 G:\pycharm\script\UI_guangdong_integrity\tools\logUtil.py DEBUG [test_Default_condition_query_36--02 默认条件查询--36 被解约人员统计-汇总统计]
2021-12-20 13:57:35,835 G:\pycharm\script\UI_guangdong_integrity\tools\logUtil.py DEBUG [test_Default_condition_query_37--02 默认条件查询--37 被解约人员统计-被解约统计]
2021-12-20 13:57:41,519 G:\pycharm\script\UI_guangdong_integrity\tools\logUtil.py DEBUG [test_Default_condition_query_38--02 默认条件查询--38 逾期办理离职申诉管理]
2021-12-20 13:57:46,792 G:\pycharm\script\UI_guangdong_integrity\tools\logUtil.py DEBUG [test_Default_condition_query_39--02 默认条件查询--39 逾期离职申诉统计]
2021-12-20 13:57:51,026 G:\pycharm\script\UI_guangdong_integrity\tools\logUtil.py DEBUG [test_Default_condition_query_40--02 默认条件查询--40 账号登录次数]
2021-12-20 13:57:56,308 G:\pycharm\script\UI_guangdong_integrity\tools\logUtil.py DEBUG [test_Default_condition_query_41--02 默认条件查询--41 个人信息查询人次]
2021-12-20 13:58:01,613 G:\pycharm\script\UI_guangdong_integrity\tools\logUtil.py DEBUG [test_Default_condition_query_42--02 默认条件查询--42 诚信级别查询次数]
2021-12-20 13:58:06,901 G:\pycharm\script\UI_guangdong_integrity\tools\logUtil.py DEBUG [test_Default_condition_query_43--02 默认条件查询--43 电子执业证使用次数]
2021-12-20 13:59:22,925 G:\pycharm\script\UI_guangdong_integrity\tools\logUtil.py DEBUG [test_OD_inquire_01--01 个信息查询--01 单个查询:在职-身份证]
2021-12-20 13:59:32,751 G:\pycharm\script\UI_guangdong_integrity\tools\logUtil.py DEBUG [test_OD_inquire_02--01 个信息查询--02 单个查询:在职-其他]
2021-12-20 13:59:42,504 G:\pycharm\script\UI_guangdong_integrity\tools\logUtil.py DEBUG [test_OD_inquire_03--01 个信息查询--03 单个查询:离职-身份证]
2021-12-20 13:59:52,276 G:\pycharm\script\UI_guangdong_integrity\tools\logUtil.py DEBUG [test_OD_inquire_04--01 个信息查询--04 单个查询:离职-其他]
2021-12-20 14:00:02,105 G:\pycharm\script\UI_guangdong_integrity\tools\logUtil.py DEBUG [test_Batch_query_Reset_01--01 个信息查询--05 批量查询:所有类型数据]
2021-12-20 14:00:06,870 G:\pycharm\script\UI_guangdong_integrity\tools\logUtil.py DEBUG [test_import_query_02--01 个信息查询--06 导入查询]
2021-12-20 14:00:11,774 G:\pycharm\script\UI_guangdong_integrity\tools\logUtil.py DEBUG [test_Default_condition_query_01--02 默认条件查询--01 在职人员管理]
2021-12-20 14:00:17,185 G:\pycharm\script\UI_guangdong_integrity\tools\logUtil.py DEBUG [test_Default_condition_query_02--02 默认条件查询--02 离职人员管理]
2021-12-20 14:00:23,681 G:\pycharm\script\UI_guangdong_integrity\tools\logUtil.py DEBUG [test_Default_condition_query_03--02 默认条件查询--03 执业证导入追踪]
2021-12-20 14:00:34,148 G:\pycharm\script\UI_guangdong_integrity\tools\logUtil.py DEBUG [test_Default_condition_query_04--02 默认条件查询--04 培训记录状态-诚信记录]
2021-12-20 14:00:40,095 G:\pycharm\script\UI_guangdong_integrity\tools\logUtil.py DEBUG [test_Default_condition_query_05--02 默认条件查询--05 培训记录状态-导入记录]
2021-12-20 14:00:45,875 G:\pycharm\script\UI_guangdong_integrity\tools\logUtil.py DEBUG [test_Default_condition_query_06--02 默认条件查询--06 我的待处理]
2021-12-20 14:00:51,604 G:\pycharm\script\UI_guangdong_integrity\tools\logUtil.py DEBUG [test_Default_condition_query_07--02 默认条件查询--07 我的已处理未生效件]
2021-12-20 14:00:57,051 G:\pycharm\script\UI_guangdong_integrity\tools\logUtil.py DEBUG [test_Default_condition_query_08--02 默认条件查询--08 我的已生效件]
2021-12-20 14:01:02,424 G:\pycharm\script\UI_guangdong_integrity\tools\logUtil.py DEBUG [test_Default_condition_query_09--02 默认条件查询--09 人员流动统计-人员流动统计]
2021-12-20 14:01:08,950 G:\pycharm\script\UI_guangdong_integrity\tools\logUtil.py DEBUG [test_Default_condition_query_10--02 默认条件查询--10 人员流动统计-入职人员来源统计]
2021-12-20 14:01:15,479 G:\pycharm\script\UI_guangdong_integrity\tools\logUtil.py DEBUG [test_Default_condition_query_11--02 默认条件查询--11 人员流动统计-离职人员去向统计]
2021-12-20 14:01:22,213 G:\pycharm\script\UI_guangdong_integrity\tools\logUtil.py DEBUG [test_Default_condition_query_12--02 默认条件查询--12 人员流动统计-离入职人员对比统计]
2021-12-20 14:01:28,243 G:\pycharm\script\UI_guangdong_integrity\tools\logUtil.py DEBUG [test_Default_condition_query_13--02 默认条件查询--13 入职人员查询]
2021-12-20 14:01:33,773 G:\pycharm\script\UI_guangdong_integrity\tools\logUtil.py DEBUG [test_Default_condition_query_14--02 默认条件查询--14 在职人员查询]
2021-12-20 14:01:39,278 G:\pycharm\script\UI_guangdong_integrity\tools\logUtil.py DEBUG [test_Default_condition_query_15--02 默认条件查询--15 离职人员查询]
2021-12-20 14:01:44,793 G:\pycharm\script\UI_guangdong_integrity\tools\logUtil.py DEBUG [test_Default_condition_query_16--02 默认条件查询--16 在职/离职执业证查询]
2021-12-20 14:01:50,314 G:\pycharm\script\UI_guangdong_integrity\tools\logUtil.py DEBUG [test_Default_condition_query_17--02 默认条件查询--17 各类人数汇总统计-人员属性汇总统计]
2021-12-20 14:01:56,251 G:\pycharm\script\UI_guangdong_integrity\tools\logUtil.py DEBUG [test_Default_condition_query_18--02 默认条件查询--18 各类人数汇总统计-人员属性统计]
2021-12-20 14:02:02,020 G:\pycharm\script\UI_guangdong_integrity\tools\logUtil.py DEBUG [test_Default_condition_query_19--02 默认条件查询--19 从业时长汇总统计]
2021-12-20 14:02:07,401 G:\pycharm\script\UI_guangdong_integrity\tools\logUtil.py DEBUG [test_Default_condition_query_20--02 默认条件查询--20 人员流动汇总统计-离职人员去向汇总统计]
2021-12-20 14:02:13,286 G:\pycharm\script\UI_guangdong_integrity\tools\logUtil.py DEBUG [test_Default_condition_query_21--02 默认条件查询--21 人员流动汇总统计-入职人员来源汇总统计]
2021-12-20 14:02:19,464 G:\pycharm\script\UI_guangdong_integrity\tools\logUtil.py DEBUG [test_Default_condition_query_22--02 默认条件查询--22 人员流动汇总统计-离入职人员对比汇总统计]
2021-12-20 14:02:25,275 G:\pycharm\script\UI_guangdong_integrity\tools\logUtil.py DEBUG [test_Default_condition_query_23--02 默认条件查询--23 业务指标清单查询-]
2021-12-20 14:02:31,401 G:\pycharm\script\UI_guangdong_integrity\tools\logUtil.py DEBUG [test_Default_condition_query_24--02 默认条件查询--24 业务指标汇总查询]
2021-12-20 14:02:37,247 G:\pycharm\script\UI_guangdong_integrity\tools\logUtil.py DEBUG [test_Default_condition_query_25--02 默认条件查询--25 电子执业证统计]
2021-12-20 14:02:43,180 G:\pycharm\script\UI_guangdong_integrity\tools\logUtil.py DEBUG [test_Default_condition_query_26--02 默认条件查询--26 电子执业证明细]
2021-12-20 14:02:48,884 G:\pycharm\script\UI_guangdong_integrity\tools\logUtil.py DEBUG [test_Default_condition_query_27--02 默认条件查询--27 人员诚信级别分布]
2021-12-20 14:02:54,335 G:\pycharm\script\UI_guangdong_integrity\tools\logUtil.py DEBUG [test_Default_condition_query_28--02 默认条件查询--28 各类诚信行为统计-各类诚信行为汇总统计]
2021-12-20 14:03:00,329 G:\pycharm\script\UI_guangdong_integrity\tools\logUtil.py DEBUG [test_Default_condition_query_29--02 默认条件查询--29 各类诚信行为统计-各类诚信行为统计]
2021-12-20 14:03:06,224 G:\pycharm\script\UI_guangdong_integrity\tools\logUtil.py DEBUG [test_Default_condition_query_30--02 默认条件查询--30 诚信记录生效清单-诚信记录查询]
2021-12-20 14:03:09,493 G:\pycharm\script\UI_guangdong_integrity\tools\logUtil.py DEBUG [test_Default_condition_query_31--02 默认条件查询--31 诚信记录生效清单-造成经济损失人员]
2021-12-20 14:03:15,941 G:\pycharm\script\UI_guangdong_integrity\tools\logUtil.py DEBUG [test_Default_condition_query_32--02 默认条件查询--32 诚信记录生效清单-多次获评同一级别人员]
2021-12-20 14:03:22,209 G:\pycharm\script\UI_guangdong_integrity\tools\logUtil.py DEBUG [test_Default_condition_query_33--02 默认条件查询--33 诚信记录生效清单-连续12个月诚信行为]
2021-12-20 14:03:28,622 G:\pycharm\script\UI_guangdong_integrity\tools\logUtil.py DEBUG [test_Default_condition_query_34--02 默认条件查询--34 诚信记录生效清单-未达成执业培训要求]
2021-12-20 14:03:34,392 G:\pycharm\script\UI_guangdong_integrity\tools\logUtil.py DEBUG [test_Default_condition_query_35--02 默认条件查询--35 被解约人员查询]
2021-12-20 14:03:39,887 G:\pycharm\script\UI_guangdong_integrity\tools\logUtil.py DEBUG [test_Default_condition_query_36--02 默认条件查询--36 被解约人员统计-汇总统计]
2021-12-20 14:03:45,963 G:\pycharm\script\UI_guangdong_integrity\tools\logUtil.py DEBUG [test_Default_condition_query_37--02 默认条件查询--37 被解约人员统计-被解约统计]
2021-12-20 14:03:51,828 G:\pycharm\script\UI_guangdong_integrity\tools\logUtil.py DEBUG [test_Default_condition_query_38--02 默认条件查询--38 逾期办理离职申诉管理]
2021-12-20 14:03:57,212 G:\pycharm\script\UI_guangdong_integrity\tools\logUtil.py DEBUG [test_Default_condition_query_39--02 默认条件查询--39 逾期离职申诉统计]
2021-12-20 14:04:01,562 G:\pycharm\script\UI_guangdong_integrity\tools\logUtil.py DEBUG [test_Default_condition_query_40--02 默认条件查询--40 账号登录次数]
2021-12-20 14:04:07,000 G:\pycharm\script\UI_guangdong_integrity\tools\logUtil.py DEBUG [test_Default_condition_query_41--02 默认条件查询--41 个人信息查询人次]
2021-12-20 14:04:12,379 G:\pycharm\script\UI_guangdong_integrity\tools\logUtil.py DEBUG [test_Default_condition_query_42--02 默认条件查询--42 诚信级别查询次数]
2021-12-20 14:04:17,843 G:\pycharm\script\UI_guangdong_integrity\tools\logUtil.py DEBUG [test_Default_condition_query_43--02 默认条件查询--43 电子执业证使用次数]
2021-12-20 14:06:05,422 G:\pycharm\script\UI_guangdong_integrity\tools\logUtil.py DEBUG [test_OD_inquire_01--01 个信息查询--01 单个查询:在职-身份证]
2021-12-20 14:06:15,123 G:\pycharm\script\UI_guangdong_integrity\tools\logUtil.py DEBUG [test_OD_inquire_02--01 个信息查询--02 单个查询:在职-其他]
2021-12-20 14:06:24,823 G:\pycharm\script\UI_guangdong_integrity\tools\logUtil.py DEBUG [test_OD_inquire_03--01 个信息查询--03 单个查询:离职-身份证]
2021-12-20 14:06:34,551 G:\pycharm\script\UI_guangdong_integrity\tools\logUtil.py DEBUG [test_OD_inquire_04--01 个信息查询--04 单个查询:离职-其他]
2021-12-20 14:06:44,341 G:\pycharm\script\UI_guangdong_integrity\tools\logUtil.py DEBUG [test_Batch_query_Reset_01--01 个信息查询--05 批量查询:所有类型数据]
2021-12-20 14:06:49,190 G:\pycharm\script\UI_guangdong_integrity\tools\logUtil.py DEBUG [test_import_query_02--01 个信息查询--06 导入查询]
2021-12-20 14:06:54,189 G:\pycharm\script\UI_guangdong_integrity\tools\logUtil.py DEBUG [test_Default_condition_query_01--02 默认条件查询--01 在职人员管理]
2021-12-20 14:06:59,591 G:\pycharm\script\UI_guangdong_integrity\tools\logUtil.py DEBUG [test_Default_condition_query_02--02 默认条件查询--02 离职人员管理]
2021-12-20 14:07:06,020 G:\pycharm\script\UI_guangdong_integrity\tools\logUtil.py DEBUG [test_Default_condition_query_03--02 默认条件查询--03 执业证导入追踪]
2021-12-20 14:07:16,425 G:\pycharm\script\UI_guangdong_integrity\tools\logUtil.py DEBUG [test_Default_condition_query_04--02 默认条件查询--04 培训记录状态-诚信记录]
2021-12-20 14:07:22,140 G:\pycharm\script\UI_guangdong_integrity\tools\logUtil.py DEBUG [test_Default_condition_query_05--02 默认条件查询--05 培训记录状态-导入记录]
2021-12-20 14:07:27,779 G:\pycharm\script\UI_guangdong_integrity\tools\logUtil.py DEBUG [test_Default_condition_query_06--02 默认条件查询--06 我的待处理]
2021-12-20 14:07:33,428 G:\pycharm\script\UI_guangdong_integrity\tools\logUtil.py DEBUG [test_Default_condition_query_07--02 默认条件查询--07 我的已处理未生效件]
2021-12-20 14:07:38,819 G:\pycharm\script\UI_guangdong_integrity\tools\logUtil.py DEBUG [test_Default_condition_query_08--02 默认条件查询--08 我的已生效件]
2021-12-20 14:07:44,200 G:\pycharm\script\UI_guangdong_integrity\tools\logUtil.py DEBUG [test_Default_condition_query_09--02 默认条件查询--09 人员流动统计-人员流动统计]
2021-12-20 14:07:50,669 G:\pycharm\script\UI_guangdong_integrity\tools\logUtil.py DEBUG [test_Default_condition_query_10--02 默认条件查询--10 人员流动统计-入职人员来源统计]
2021-12-20 14:07:56,986 G:\pycharm\script\UI_guangdong_integrity\tools\logUtil.py DEBUG [test_Default_condition_query_11--02 默认条件查询--11 人员流动统计-离职人员去向统计]
2021-12-20 14:08:03,225 G:\pycharm\script\UI_guangdong_integrity\tools\logUtil.py DEBUG [test_Default_condition_query_12--02 默认条件查询--12 人员流动统计-离入职人员对比统计]
2021-12-20 14:08:09,073 G:\pycharm\script\UI_guangdong_integrity\tools\logUtil.py DEBUG [test_Default_condition_query_13--02 默认条件查询--13 入职人员查询]
2021-12-20 14:08:14,446 G:\pycharm\script\UI_guangdong_integrity\tools\logUtil.py DEBUG [test_Default_condition_query_14--02 默认条件查询--14 在职人员查询]
2021-12-20 14:08:19,801 G:\pycharm\script\UI_guangdong_integrity\tools\logUtil.py DEBUG [test_Default_condition_query_15--02 默认条件查询--15 离职人员查询]
2021-12-20 14:08:25,154 G:\pycharm\script\UI_guangdong_integrity\tools\logUtil.py DEBUG [test_Default_condition_query_16--02 默认条件查询--16 在职/离职执业证查询]
2021-12-20 14:08:30,549 G:\pycharm\script\UI_guangdong_integrity\tools\logUtil.py DEBUG [test_Default_condition_query_17--02 默认条件查询--17 各类人数汇总统计-人员属性汇总统计]
2021-12-20 14:08:36,313 G:\pycharm\script\UI_guangdong_integrity\tools\logUtil.py DEBUG [test_Default_condition_query_18--02 默认条件查询--18 各类人数汇总统计-人员属性统计]
2021-12-20 14:08:41,930 G:\pycharm\script\UI_guangdong_integrity\tools\logUtil.py DEBUG [test_Default_condition_query_19--02 默认条件查询--19 从业时长汇总统计]
2021-12-20 14:08:47,235 G:\pycharm\script\UI_guangdong_integrity\tools\logUtil.py DEBUG [test_Default_condition_query_20--02 默认条件查询--20 人员流动汇总统计-离职人员去向汇总统计]
2021-12-20 14:08:52,952 G:\pycharm\script\UI_guangdong_integrity\tools\logUtil.py DEBUG [test_Default_condition_query_21--02 默认条件查询--21 人员流动汇总统计-入职人员来源汇总统计]
2021-12-20 14:08:58,929 G:\pycharm\script\UI_guangdong_integrity\tools\logUtil.py DEBUG [test_Default_condition_query_22--02 默认条件查询--22 人员流动汇总统计-离入职人员对比汇总统计]
2021-12-20 14:09:04,572 G:\pycharm\script\UI_guangdong_integrity\tools\logUtil.py DEBUG [test_Default_condition_query_23--02 默认条件查询--23 业务指标清单查询-]
2021-12-20 14:09:10,301 G:\pycharm\script\UI_guangdong_integrity\tools\logUtil.py DEBUG [test_Default_condition_query_24--02 默认条件查询--24 业务指标汇总查询]
2021-12-20 14:09:15,914 G:\pycharm\script\UI_guangdong_integrity\tools\logUtil.py DEBUG [test_Default_condition_query_25--02 默认条件查询--25 电子执业证统计]
2021-12-20 14:09:21,593 G:\pycharm\script\UI_guangdong_integrity\tools\logUtil.py DEBUG [test_Default_condition_query_26--02 默认条件查询--26 电子执业证明细]
2021-12-20 14:09:27,171 G:\pycharm\script\UI_guangdong_integrity\tools\logUtil.py DEBUG [test_Default_condition_query_27--02 默认条件查询--27 人员诚信级别分布]
2021-12-20 14:09:32,493 G:\pycharm\script\UI_guangdong_integrity\tools\logUtil.py DEBUG [test_Default_condition_query_28--02 默认条件查询--28 各类诚信行为统计-各类诚信行为汇总统计]
2021-12-20 14:09:38,167 G:\pycharm\script\UI_guangdong_integrity\tools\logUtil.py DEBUG [test_Default_condition_query_29--02 默认条件查询--29 各类诚信行为统计-各类诚信行为统计]
2021-12-20 14:09:43,863 G:\pycharm\script\UI_guangdong_integrity\tools\logUtil.py DEBUG [test_Default_condition_query_30--02 默认条件查询--30 诚信记录生效清单-诚信记录查询]
2021-12-20 14:09:46,654 G:\pycharm\script\UI_guangdong_integrity\tools\logUtil.py DEBUG [test_Default_condition_query_31--02 默认条件查询--31 诚信记录生效清单-造成经济损失人员]
2021-12-20 14:09:52,687 G:\pycharm\script\UI_guangdong_integrity\tools\logUtil.py DEBUG [test_Default_condition_query_32--02 默认条件查询--32 诚信记录生效清单-多次获评同一级别人员]
2021-12-20 14:09:58,705 G:\pycharm\script\UI_guangdong_integrity\tools\logUtil.py DEBUG [test_Default_condition_query_33--02 默认条件查询--33 诚信记录生效清单-连续12个月诚信行为]
2021-12-20 14:10:04,679 G:\pycharm\script\UI_guangdong_integrity\tools\logUtil.py DEBUG [test_Default_condition_query_34--02 默认条件查询--34 诚信记录生效清单-未达成执业培训要求]
2021-12-20 14:10:10,243 G:\pycharm\script\UI_guangdong_integrity\tools\logUtil.py DEBUG [test_Default_condition_query_35--02 默认条件查询--35 被解约人员查询]
2021-12-20 14:10:15,579 G:\pycharm\script\UI_guangdong_integrity\tools\logUtil.py DEBUG [test_Default_condition_query_36--02 默认条件查询--36 被解约人员统计-汇总统计]
2021-12-20 14:10:21,287 G:\pycharm\script\UI_guangdong_integrity\tools\logUtil.py DEBUG [test_Default_condition_query_37--02 默认条件查询--37 被解约人员统计-被解约统计]
2021-12-20 14:10:26,919 G:\pycharm\script\UI_guangdong_integrity\tools\logUtil.py DEBUG [test_Default_condition_query_38--02 默认条件查询--38 逾期办理离职申诉管理]
2021-12-20 14:10:32,201 G:\pycharm\script\UI_guangdong_integrity\tools\logUtil.py DEBUG [test_Default_condition_query_39--02 默认条件查询--39 逾期离职申诉统计]
2021-12-20 14:10:36,457 G:\pycharm\script\UI_guangdong_integrity\tools\logUtil.py DEBUG [test_Default_condition_query_40--02 默认条件查询--40 账号登录次数]
2021-12-20 14:10:41,757 G:\pycharm\script\UI_guangdong_integrity\tools\logUtil.py DEBUG [test_Default_condition_query_41--02 默认条件查询--41 个人信息查询人次]
2021-12-20 14:10:47,055 G:\pycharm\script\UI_guangdong_integrity\tools\logUtil.py DEBUG [test_Default_condition_query_42--02 默认条件查询--42 诚信级别查询次数]
2021-12-20 14:10:52,320 G:\pycharm\script\UI_guangdong_integrity\tools\logUtil.py DEBUG [test_Default_condition_query_43--02 默认条件查询--43 电子执业证使用次数]
2021-12-20 14:13:23,341 G:\pycharm\script\UI_guangdong_integrity\tools\logUtil.py DEBUG [test_OD_inquire_01--01 个信息查询--01 单个查询:在职-身份证]
2021-12-20 14:13:33,114 G:\pycharm\script\UI_guangdong_integrity\tools\logUtil.py DEBUG [test_OD_inquire_02--01 个信息查询--02 单个查询:在职-其他]
2021-12-20 14:13:42,855 G:\pycharm\script\UI_guangdong_integrity\tools\logUtil.py DEBUG [test_OD_inquire_03--01 个信息查询--03 单个查询:离职-身份证]
2021-12-20 14:13:52,624 G:\pycharm\script\UI_guangdong_integrity\tools\logUtil.py DEBUG [test_OD_inquire_04--01 个信息查询--04 单个查询:离职-其他]
2021-12-20 14:14:02,311 G:\pycharm\script\UI_guangdong_integrity\tools\logUtil.py DEBUG [test_Batch_query_Reset_01--01 个信息查询--05 批量查询:所有类型数据]
2021-12-20 14:14:07,022 G:\pycharm\script\UI_guangdong_integrity\tools\logUtil.py DEBUG [test_import_query_02--01 个信息查询--06 导入查询]
2021-12-20 14:14:11,848 G:\pycharm\script\UI_guangdong_integrity\tools\logUtil.py DEBUG [test_Default_condition_query_01--02 默认条件查询--01 在职人员管理]
2021-12-20 14:14:17,258 G:\pycharm\script\UI_guangdong_integrity\tools\logUtil.py DEBUG [test_Default_condition_query_02--02 默认条件查询--02 离职人员管理]
2021-12-20 14:14:23,721 G:\pycharm\script\UI_guangdong_integrity\tools\logUtil.py DEBUG [test_Default_condition_query_03--02 默认条件查询--03 执业证导入追踪]
2021-12-20 14:14:34,110 G:\pycharm\script\UI_guangdong_integrity\tools\logUtil.py DEBUG [test_Default_condition_query_04--02 默认条件查询--04 培训记录状态-诚信记录]
2021-12-20 14:14:39,918 G:\pycharm\script\UI_guangdong_integrity\tools\logUtil.py DEBUG [test_Default_condition_query_05--02 默认条件查询--05 培训记录状态-导入记录]
2021-12-20 14:14:45,617 G:\pycharm\script\UI_guangdong_integrity\tools\logUtil.py DEBUG [test_Default_condition_query_06--02 默认条件查询--06 我的待处理]
2021-12-20 14:14:51,290 G:\pycharm\script\UI_guangdong_integrity\tools\logUtil.py DEBUG [test_Default_condition_query_07--02 默认条件查询--07 我的已处理未生效件]
2021-12-20 14:14:56,648 G:\pycharm\script\UI_guangdong_integrity\tools\logUtil.py DEBUG [test_Default_condition_query_08--02 默认条件查询--08 我的已生效件]
2021-12-20 14:15:01,941 G:\pycharm\script\UI_guangdong_integrity\tools\logUtil.py DEBUG [test_Default_condition_query_09--02 默认条件查询--09 人员流动统计-人员流动统计]
2021-12-20 14:15:08,021 G:\pycharm\script\UI_guangdong_integrity\tools\logUtil.py DEBUG [test_Default_condition_query_10--02 默认条件查询--10 人员流动统计-入职人员来源统计]
2021-12-20 14:15:14,315 G:\pycharm\script\UI_guangdong_integrity\tools\logUtil.py DEBUG [test_Default_condition_query_11--02 默认条件查询--11 人员流动统计-离职人员去向统计]
2021-12-20 14:15:20,592 G:\pycharm\script\UI_guangdong_integrity\tools\logUtil.py DEBUG [test_Default_condition_query_12--02 默认条件查询--12 人员流动统计-离入职人员对比统计]
2021-12-20 14:15:26,450 G:\pycharm\script\UI_guangdong_integrity\tools\logUtil.py DEBUG [test_Default_condition_query_13--02 默认条件查询--13 入职人员查询]
2021-12-20 14:15:31,862 G:\pycharm\script\UI_guangdong_integrity\tools\logUtil.py DEBUG [test_Default_condition_query_14--02 默认条件查询--14 在职人员查询]
2021-12-20 14:15:37,216 G:\pycharm\script\UI_guangdong_integrity\tools\logUtil.py DEBUG [test_Default_condition_query_15--02 默认条件查询--15 离职人员查询]
2021-12-20 14:15:42,589 G:\pycharm\script\UI_guangdong_integrity\tools\logUtil.py DEBUG [test_Default_condition_query_16--02 默认条件查询--16 在职/离职执业证查询]
2021-12-20 14:15:47,985 G:\pycharm\script\UI_guangdong_integrity\tools\logUtil.py DEBUG [test_Default_condition_query_17--02 默认条件查询--17 各类人数汇总统计-人员属性汇总统计]
2021-12-20 14:15:53,723 G:\pycharm\script\UI_guangdong_integrity\tools\logUtil.py DEBUG [test_Default_condition_query_18--02 默认条件查询--18 各类人数汇总统计-人员属性统计]
2021-12-20 14:15:59,360 G:\pycharm\script\UI_guangdong_integrity\tools\logUtil.py DEBUG [test_Default_condition_query_19--02 默认条件查询--19 从业时长汇总统计]
2021-12-20 14:16:04,669 G:\pycharm\script\UI_guangdong_integrity\tools\logUtil.py DEBUG [test_Default_condition_query_20--02 默认条件查询--20 人员流动汇总统计-离职人员去向汇总统计]
2021-12-20 14:16:10,410 G:\pycharm\script\UI_guangdong_integrity\tools\logUtil.py DEBUG [test_Default_condition_query_21--02 默认条件查询--21 人员流动汇总统计-入职人员来源汇总统计]
2021-12-20 14:16:16,364 G:\pycharm\script\UI_guangdong_integrity\tools\logUtil.py DEBUG [test_Default_condition_query_22--02 默认条件查询--22 人员流动汇总统计-离入职人员对比汇总统计]
2021-12-20 14:16:22,026 G:\pycharm\script\UI_guangdong_integrity\tools\logUtil.py DEBUG [test_Default_condition_query_23--02 默认条件查询--23 业务指标清单查询-]
2021-12-20 14:16:27,816 G:\pycharm\script\UI_guangdong_integrity\tools\logUtil.py DEBUG [test_Default_condition_query_24--02 默认条件查询--24 业务指标汇总查询]
2021-12-20 14:16:33,467 G:\pycharm\script\UI_guangdong_integrity\tools\logUtil.py DEBUG [test_Default_condition_query_25--02 默认条件查询--25 电子执业证统计]
2021-12-20 14:16:39,215 G:\pycharm\script\UI_guangdong_integrity\tools\logUtil.py DEBUG [test_Default_condition_query_26--02 默认条件查询--26 电子执业证明细]
2021-12-20 14:16:44,779 G:\pycharm\script\UI_guangdong_integrity\tools\logUtil.py DEBUG [test_Default_condition_query_27--02 默认条件查询--27 人员诚信级别分布]
2021-12-20 14:16:50,148 G:\pycharm\script\UI_guangdong_integrity\tools\logUtil.py DEBUG [test_Default_condition_query_28--02 默认条件查询--28 各类诚信行为统计-各类诚信行为汇总统计]
2021-12-20 14:16:55,866 G:\pycharm\script\UI_guangdong_integrity\tools\logUtil.py DEBUG [test_Default_condition_query_29--02 默认条件查询--29 各类诚信行为统计-各类诚信行为统计]
2021-12-20 14:17:01,579 G:\pycharm\script\UI_guangdong_integrity\tools\logUtil.py DEBUG [test_Default_condition_query_30--02 默认条件查询--30 诚信记录生效清单-诚信记录查询]
2021-12-20 14:17:05,338 G:\pycharm\script\UI_guangdong_integrity\tools\logUtil.py DEBUG [test_Default_condition_query_31--02 默认条件查询--31 诚信记录生效清单-造成经济损失人员]
2021-12-20 14:17:11,962 G:\pycharm\script\UI_guangdong_integrity\tools\logUtil.py DEBUG [test_Default_condition_query_32--02 默认条件查询--32 诚信记录生效清单-多次获评同一级别人员]
2021-12-20 14:17:18,014 G:\pycharm\script\UI_guangdong_integrity\tools\logUtil.py DEBUG [test_Default_condition_query_33--02 默认条件查询--33 诚信记录生效清单-连续12个月诚信行为]
2021-12-20 14:17:24,064 G:\pycharm\script\UI_guangdong_integrity\tools\logUtil.py DEBUG [test_Default_condition_query_34--02 默认条件查询--34 诚信记录生效清单-未达成执业培训要求]
2021-12-20 14:17:29,704 G:\pycharm\script\UI_guangdong_integrity\tools\logUtil.py DEBUG [test_Default_condition_query_35--02 默认条件查询--35 被解约人员查询]
2021-12-20 14:17:35,080 G:\pycharm\script\UI_guangdong_integrity\tools\logUtil.py DEBUG [test_Default_condition_query_36--02 默认条件查询--36 被解约人员统计-汇总统计]
2021-12-20 14:17:40,835 G:\pycharm\script\UI_guangdong_integrity\tools\logUtil.py DEBUG [test_Default_condition_query_37--02 默认条件查询--37 被解约人员统计-被解约统计]
2021-12-20 14:17:46,660 G:\pycharm\script\UI_guangdong_integrity\tools\logUtil.py DEBUG [test_Default_condition_query_38--02 默认条件查询--38 逾期办理离职申诉管理]
2021-12-20 14:17:51,961 G:\pycharm\script\UI_guangdong_integrity\tools\logUtil.py DEBUG [test_Default_condition_query_39--02 默认条件查询--39 逾期离职申诉统计]
2021-12-20 14:17:56,217 G:\pycharm\script\UI_guangdong_integrity\tools\logUtil.py DEBUG [test_Default_condition_query_40--02 默认条件查询--40 账号登录次数]
2021-12-20 14:18:01,527 G:\pycharm\script\UI_guangdong_integrity\tools\logUtil.py DEBUG [test_Default_condition_query_41--02 默认条件查询--41 个人信息查询人次]
2021-12-20 14:18:06,816 G:\pycharm\script\UI_guangdong_integrity\tools\logUtil.py DEBUG [test_Default_condition_query_42--02 默认条件查询--42 诚信级别查询次数]
2021-12-20 14:18:12,114 G:\pycharm\script\UI_guangdong_integrity\tools\logUtil.py DEBUG [test_Default_condition_query_43--02 默认条件查询--43 电子执业证使用次数]
